	    [     0] ALLOC: txg 161, pass 1
	    [     2]    A  range: 0000000000-0036d64400  size: 36d64400 vdev: 000000 words: 2
	    [     3]    A  range: 0036d64600-00371e9000  size: 484a00 vdev: 16777216 words: 1
	    [     4]    A  range: 00371e9200-00373de400  size: 1f5200 vdev: 16777216 words: 1
	    [     5]    A  range: 00373df200-00373f2400  size: 013200 vdev: 16777216 words: 1
	    [     6]    A  range: 00373f4e00-00374df600  size: 0ea800 vdev: 16777216 words: 1
	    [     7]    A  range: 00374dfc00-0037b8c400  size: 6ac800 vdev: 16777216 words: 1
	    [     8]    A  range: 0037b8c600-0037c92200  size: 105c00 vdev: 16777216 words: 1
	    [     9]    A  range: 0037c9ac00-0037c9ae00  size: 000200 vdev: 16777216 words: 1
	    [    10]    A  range: 0037d2fe00-003822b200  size: 4fb400 vdev: 16777216 words: 1
	    [    11]    A  range: 003822b600-0038479600  size: 24e000 vdev: 16777216 words: 1
	    [    12]    A  range: 0038479800-00385f0200  size: 176a00 vdev: 16777216 words: 1
	    [    13]    A  range: 00385f1000-00385f2200  size: 001200 vdev: 16777216 words: 1
	    [    14]    A  range: 00385f3000-00385f3600  size: 000600 vdev: 16777216 words: 1
	    [    15]    A  range: 00385fda00-003879ce00  size: 19f400 vdev: 16777216 words: 1
	    [    16]    A  range: 003879d400-0038838000  size: 09ac00 vdev: 16777216 words: 1
	    [    17]    A  range: 0038838200-0038ea5800  size: 66d600 vdev: 16777216 words: 1
	    [    18]    A  range: 0038ea6200-0038eb6e00  size: 010c00 vdev: 16777216 words: 1
	    [    19]    A  range: 0038eb7a00-0038eb9200  size: 001800 vdev: 16777216 words: 1
	    [    20]    A  range: 0038eb9800-0038ebac00  size: 001400 vdev: 16777216 words: 1
	    [    21]    A  range: 0038ec5000-00396c5200  size: 800200 vdev: 16777216 words: 1
	    [    23]    A  range: 00396c5400-0040000000  size: 693ac00 vdev: 000000 words: 2
	    [    24] FREE: txg 161, pass 1
	    [    25]    F  range: 0000001400-0000003000  size: 001c00 vdev: 16777216 words: 1
	    [    26]    F  range: 0000003200-0000003600  size: 000400 vdev: 16777216 words: 1
	    [    27]    F  range: 0000003800-0000003c00  size: 000400 vdev: 16777216 words: 1
	    [    28]    F  range: 0000007200-0000007a00  size: 000800 vdev: 16777216 words: 1
	    [    29]    F  range: 0000009200-0000009400  size: 000200 vdev: 16777216 words: 1
	    [    30]    F  range: 000000b600-000000be00  size: 000800 vdev: 16777216 words: 1
	    [    31]    F  range: 0000012e00-0000014c00  size: 001e00 vdev: 16777216 words: 1
	    [    32]    F  range: 0000019a00-0000019c00  size: 000200 vdev: 16777216 words: 1
	    [    33]    F  range: 000001ac00-000001ce00  size: 002200 vdev: 16777216 words: 1
	    [    34]    F  range: 0000023c00-0000024200  size: 000600 vdev: 16777216 words: 1
	    [    35]    F  range: 0000027000-000002ce00  size: 005e00 vdev: 16777216 words: 1
	    [    36]    F  range: 000002d200-0000034200  size: 007000 vdev: 16777216 words: 1
	    [    37]    F  range: 0000037000-000003dc00  size: 006c00 vdev: 16777216 words: 1
	    [    38]    F  range: 000003ec00-0000042e00  size: 004200 vdev: 16777216 words: 1
	    [    39]    F  range: 0000044200-0000047a00  size: 003800 vdev: 16777216 words: 1
	    [    40]    F  range: 0000050e00-0000051800  size: 000a00 vdev: 16777216 words: 1
	    [    41]    F  range: 0000054600-0000059800  size: 005200 vdev: 16777216 words: 1
	    [    42]    F  range: 000005a800-0000061600  size: 006e00 vdev: 16777216 words: 1
	    [    43]    F  range: 0000064400-0000066c00  size: 002800 vdev: 16777216 words: 1
	    [    44]    F  range: 0000067c00-000006b200  size: 003600 vdev: 16777216 words: 1
	    [    45]    F  range: 000006e000-0000075a00  size: 007a00 vdev: 16777216 words: 1
	    [    46]    F  range: 0000076a00-000007e000  size: 007600 vdev: 16777216 words: 1
	    [    47]    F  range: 000007f800-0000086800  size: 007000 vdev: 16777216 words: 1
	    [    48]    F  range: 0000088000-0000088400  size: 000400 vdev: 16777216 words: 1
	    [    49]    F  range: 0000088600-000008ec00  size: 006600 vdev: 16777216 words: 1
	    [    50]    F  range: 0000091a00-0000095400  size: 003a00 vdev: 16777216 words: 1
	    [    51]    F  range: 000009e400-00000a2a00  size: 004600 vdev: 16777216 words: 1
	    [    52]    F  range: 00000a2e00-00000a5c00  size: 002e00 vdev: 16777216 words: 1
	    [    53]    F  range: 00000a8a00-00000b0800  size: 007e00 vdev: 16777216 words: 1
	    [    54]    F  range: 00000b3600-00000ba400  size: 006e00 vdev: 16777216 words: 1
	    [    55]    F  range: 00000bd200-00000cb800  size: 00e600 vdev: 16777216 words: 1
	    [    56]    F  range: 00000cd000-00000cd200  size: 000200 vdev: 16777216 words: 1
	    [    57]    F  range: 00000cd400-00000cf400  size: 002000 vdev: 16777216 words: 1
	    [    58]    F  range: 00000d2200-00000d3a00  size: 001800 vdev: 16777216 words: 1
	    [    59]    F  range: 00000d4000-00000d5200  size: 001200 vdev: 16777216 words: 1
	    [    60]    F  range: 00000d6000-00000d6200  size: 000200 vdev: 16777216 words: 1
	    [    61]    F  range: 00005f2200-00005f2400  size: 000200 vdev: 16777216 words: 1
	    [    62]    F  range: 0000967800-0000968400  size: 000c00 vdev: 16777216 words: 1
	    [    63]    F  range: 0000985400-0000986c00  size: 001800 vdev: 16777216 words: 1
	    [    64]    F  range: 0000987000-0000987a00  size: 000a00 vdev: 16777216 words: 1
	    [    65]    F  range: 0000987e00-0000988200  size: 000400 vdev: 16777216 words: 1
	    [    66]    F  range: 0000988600-0000988a00  size: 000400 vdev: 16777216 words: 1
	    [    67]    F  range: 0000988e00-0000989e00  size: 001000 vdev: 16777216 words: 1
	    [    68]    F  range: 000098a000-000098d800  size: 003800 vdev: 16777216 words: 1
	    [    69]    F  range: 000098ea00-000098f600  size: 000c00 vdev: 16777216 words: 1
	    [    70]    F  range: 0000a5f800-0000a5fc00  size: 000400 vdev: 16777216 words: 1
	    [    71]    F  range: 0000ca4e00-0000ca5000  size: 000200 vdev: 16777216 words: 1
	    [    72]    F  range: 0001244c00-0001245000  size: 000400 vdev: 16777216 words: 1
	    [    73]    F  range: 0001249e00-000124c800  size: 002a00 vdev: 16777216 words: 1
	    [    74]    F  range: 000124d600-0001253a00  size: 006400 vdev: 16777216 words: 1
	    [    75]    F  range: 00013eda00-00013ee400  size: 000a00 vdev: 16777216 words: 1
	    [    76]    F  range: 0001929e00-000192bc00  size: 001e00 vdev: 16777216 words: 1
	    [    77]    F  range: 000192d800-0001934400  size: 006c00 vdev: 16777216 words: 1
	    [    78]    F  range: 0001af2e00-0001af3a00  size: 000c00 vdev: 16777216 words: 1
	    [    79]    F  range: 000206b600-000206c600  size: 001000 vdev: 16777216 words: 1
	    [    80]    F  range: 000206d400-000206e200  size: 000e00 vdev: 16777216 words: 1
	    [    81]    F  range: 000206fe00-0002076600  size: 006800 vdev: 16777216 words: 1
	    [    82]    F  range: 000224d200-000224e200  size: 001000 vdev: 16777216 words: 1
	    [    83]    F  range: 000225b400-000225c000  size: 000c00 vdev: 16777216 words: 1
	    [    84]    F  range: 00028a2800-00028a2a00  size: 000200 vdev: 16777216 words: 1
	    [    85]    F  range: 00028ebc00-00028eda00  size: 001e00 vdev: 16777216 words: 1
	    [    86]    F  range: 00028f3c00-00028faa00  size: 006e00 vdev: 16777216 words: 1
	    [    87]    F  range: 0002975400-0002975600  size: 000200 vdev: 16777216 words: 1
	    [    88]    F  range: 0002990c00-0002990e00  size: 000200 vdev: 16777216 words: 1
	    [    89]    F  range: 00029b9400-00029ba000  size: 000c00 vdev: 16777216 words: 1
	    [    90]    F  range: 0002a9d000-0002a9e400  size: 001400 vdev: 16777216 words: 1
	    [    91]    F  range: 0002d1ee00-0002d1f000  size: 000200 vdev: 16777216 words: 1
	    [    92]    F  range: 0003073a00-0003073c00  size: 000200 vdev: 16777216 words: 1
	    [    93]    F  range: 000316cc00-000316da00  size: 000e00 vdev: 16777216 words: 1
	    [    94]    F  range: 000316f600-0003170400  size: 000e00 vdev: 16777216 words: 1
	    [    95]    F  range: 0003171200-0003172200  size: 001000 vdev: 16777216 words: 1
	    [    96]    F  range: 0003173000-0003174c00  size: 001c00 vdev: 16777216 words: 1
	    [    97]    F  range: 0003175a00-000317c600  size: 006c00 vdev: 16777216 words: 1
	    [    98]    F  range: 0003375c00-0003375e00  size: 000200 vdev: 16777216 words: 1
	    [    99]    F  range: 00033f2000-00033f2200  size: 000200 vdev: 16777216 words: 1
	    [   100]    F  range: 00039b6a00-00039b7800  size: 000e00 vdev: 16777216 words: 1
	    [   101]    F  range: 00039bb200-00039c1200  size: 006000 vdev: 16777216 words: 1
	    [   102]    F  range: 00039c2600-0003a54600  size: 092000 vdev: 16777216 words: 1
	    [   103]    F  range: 0003b35800-0003b35c00  size: 000400 vdev: 16777216 words: 1
	    [   104]    F  range: 0003daea00-0003daec00  size: 000200 vdev: 16777216 words: 1
	    [   105]    F  range: 00041fc400-00041fd200  size: 000e00 vdev: 16777216 words: 1
	    [   106]    F  range: 00041fe000-00041fee00  size: 000e00 vdev: 16777216 words: 1
	    [   107]    F  range: 00041ffc00-0004206400  size: 006800 vdev: 16777216 words: 1
	    [   108]    F  range: 00046bc600-00046bc800  size: 000200 vdev: 16777216 words: 1
	    [   109]    F  range: 0004823600-0004823a00  size: 000400 vdev: 16777216 words: 1
	    [   110]    F  range: 0004a77e00-0004a78c00  size: 000e00 vdev: 16777216 words: 1
	    [   111]    F  range: 0004a79a00-0004a7a600  size: 000c00 vdev: 16777216 words: 1
	    [   112]    F  range: 0004a7c200-0004a82200  size: 006000 vdev: 16777216 words: 1
	    [   113]    F  range: 0004b3fa00-0004b40000  size: 000600 vdev: 16777216 words: 1
	    [   114]    F  range: 0004fc7c00-0004fc8a00  size: 000e00 vdev: 16777216 words: 1
	    [   115]    F  range: 00051df600-00051e0400  size: 000e00 vdev: 16777216 words: 1
	    [   116]    F  range: 00051e3c00-00051ea200  size: 006600 vdev: 16777216 words: 1
	    [   117]    F  range: 0005632400-0005632a00  size: 000600 vdev: 16777216 words: 1
	    [   118]    F  range: 00057da600-00057daa00  size: 000400 vdev: 16777216 words: 1
	    [   119]    F  range: 0005854400-0005855600  size: 001200 vdev: 16777216 words: 1
	    [   120]    F  range: 00058ffc00-0005900a00  size: 000e00 vdev: 16777216 words: 1
	    [   121]    F  range: 0005908c00-0005909a00  size: 000e00 vdev: 16777216 words: 1
	    [   122]    F  range: 000590a600-0005910a00  size: 006400 vdev: 16777216 words: 1
	    [   123]    F  range: 0005cf9200-0005cf9e00  size: 000c00 vdev: 16777216 words: 1
	    [   124]    F  range: 0005e36c00-0005e37200  size: 000600 vdev: 16777216 words: 1
	    [   125]    F  range: 0005fe5e00-0005fe6c00  size: 000e00 vdev: 16777216 words: 1
	    [   126]    F  range: 0005fe9600-0005fefe00  size: 006800 vdev: 16777216 words: 1
	    [   127]    F  range: 000610c600-000610c800  size: 000200 vdev: 16777216 words: 1
	    [   128]    F  range: 00066d7400-00066d7e00  size: 000a00 vdev: 16777216 words: 1
	    [   129]    F  range: 00069f9c00-0006a01c00  size: 008000 vdev: 16777216 words: 1
	    [   130]    F  range: 0007793600-0007794600  size: 001000 vdev: 16777216 words: 1
	    [   131]    F  range: 00077c0000-00077c7800  size: 007800 vdev: 16777216 words: 1
	    [   132]    F  range: 00079fee00-00079ff200  size: 000400 vdev: 16777216 words: 1
	    [   133]    F  range: 0007b83200-0007b83600  size: 000400 vdev: 16777216 words: 1
	    [   134]    F  range: 0007eda200-0007edb000  size: 000e00 vdev: 16777216 words: 1
	    [   135]    F  range: 0007edbe00-0007edcc00  size: 000e00 vdev: 16777216 words: 1
	    [   136]    F  range: 0007edf200-0007ee6600  size: 007400 vdev: 16777216 words: 1
	    [   137]    F  range: 0008253c00-0008253e00  size: 000200 vdev: 16777216 words: 1
	    [   138]    F  range: 000870fc00-0008710a00  size: 000e00 vdev: 16777216 words: 1
	    [   139]    F  range: 0008712400-0008712a00  size: 000600 vdev: 16777216 words: 1
	    [   140]    F  range: 0008716200-0008716a00  size: 000800 vdev: 16777216 words: 1
	    [   141]    F  range: 0008718400-000871ee00  size: 006a00 vdev: 16777216 words: 1
	    [   142]    F  range: 0008d1da00-0008d26600  size: 008c00 vdev: 16777216 words: 1
	    [   143]    F  range: 0008fb1600-0008fb1800  size: 000200 vdev: 16777216 words: 1
	    [   144]    F  range: 00093f2a00-00093f3800  size: 000e00 vdev: 16777216 words: 1
	    [   145]    F  range: 00093f4400-00093fc200  size: 007e00 vdev: 16777216 words: 1
	    [   146]    F  range: 0009a31c00-0009a33400  size: 001800 vdev: 16777216 words: 1
	    [   147]    F  range: 0009a97600-0009a97800  size: 000200 vdev: 16777216 words: 1
	    [   148]    F  range: 0009a98800-0009b30c00  size: 098400 vdev: 16777216 words: 1
	    [   149]    F  range: 000a07a200-000a07a400  size: 000200 vdev: 16777216 words: 1
	    [   150]    F  range: 000a21bc00-000a21c400  size: 000800 vdev: 16777216 words: 1
	    [   151]    F  range: 000a36b600-000a36c400  size: 000e00 vdev: 16777216 words: 1
	    [   152]    F  range: 000a36d200-000a405000  size: 097e00 vdev: 16777216 words: 1
	    [   153]    F  range: 000a8af200-000a8b0000  size: 000e00 vdev: 16777216 words: 1
	    [   154]    F  range: 000a93d800-000a93da00  size: 000200 vdev: 16777216 words: 1
	    [   155]    F  range: 000abac200-000abb4800  size: 008600 vdev: 16777216 words: 1
	    [   156]    F  range: 000afd9a00-000afda600  size: 000c00 vdev: 16777216 words: 1
	    [   157]    F  range: 000b1ba000-000b1ba400  size: 000400 vdev: 16777216 words: 1
	    [   158]    F  range: 000b488a00-000b489800  size: 000e00 vdev: 16777216 words: 1
	    [   159]    F  range: 000b48a000-000b491c00  size: 007c00 vdev: 16777216 words: 1
	    [   160]    F  range: 000b948400-000b949600  size: 001200 vdev: 16777216 words: 1
	    [   161]    F  range: 000b99be00-000b99cc00  size: 000e00 vdev: 16777216 words: 1
	    [   162]    F  range: 000bc31600-000bc39200  size: 007c00 vdev: 16777216 words: 1
	    [   163]    F  range: 000c37c200-000c386e00  size: 00ac00 vdev: 16777216 words: 1
	    [   164]    F  range: 000cb65c00-000cb69a00  size: 003e00 vdev: 16777216 words: 1
	    [   165]    F  range: 000cbf7000-000cbf7400  size: 000400 vdev: 16777216 words: 1
	    [   166]    F  range: 000d33c000-000d33c200  size: 000200 vdev: 16777216 words: 1
	    [   167]    F  range: 000d44e800-000d44f600  size: 000e00 vdev: 16777216 words: 1
	    [   168]    F  range: 000d450400-000d451000  size: 000c00 vdev: 16777216 words: 1
	    [   169]    F  range: 000d459000-000d459200  size: 000200 vdev: 16777216 words: 1
	    [   170]    F  range: 000d76cc00-000d76d000  size: 000400 vdev: 16777216 words: 1
	    [   171]    F  range: 000dbe8e00-000dbeaa00  size: 001c00 vdev: 16777216 words: 1
	    [   172]    F  range: 000dc7b800-000dc83400  size: 007c00 vdev: 16777216 words: 1
	    [   173]    F  range: 000e6b8400-000e6c1c00  size: 009800 vdev: 16777216 words: 1
	    [   174]    F  range: 000e6f0c00-000e6f0e00  size: 000200 vdev: 16777216 words: 1
	    [   175]    F  range: 000ed61000-000ed61e00  size: 000e00 vdev: 16777216 words: 1
	    [   176]    F  range: 000ed62c00-000ed6c200  size: 009600 vdev: 16777216 words: 1
	    [   177]    F  range: 000f09b000-000f09b200  size: 000200 vdev: 16777216 words: 1
	    [   178]    F  range: 000f09dc00-000f09e800  size: 000c00 vdev: 16777216 words: 1
	    [   179]    F  range: 000f369000-000f369200  size: 000200 vdev: 16777216 words: 1
	    [   180]    F  range: 000f38b400-000f38c200  size: 000e00 vdev: 16777216 words: 1
	    [   181]    F  range: 000f38d000-000f397000  size: 00a000 vdev: 16777216 words: 1
	    [   182]    F  range: 000f3eb200-000f3eb600  size: 000400 vdev: 16777216 words: 1
	    [   183]    F  range: 000f7ce200-000f7cf000  size: 000e00 vdev: 16777216 words: 1
	    [   184]    F  range: 000f8d5800-000f8d5a00  size: 000200 vdev: 16777216 words: 1
	    [   185]    F  range: 000f9c5c00-000f9c6a00  size: 000e00 vdev: 16777216 words: 1
	    [   186]    F  range: 000f9c7600-000f9c7a00  size: 000400 vdev: 16777216 words: 1
	    [   187]    F  range: 000f9c8c00-000f9d1600  size: 008a00 vdev: 16777216 words: 1
	    [   188]    F  range: 000fd9e000-000fd9ea00  size: 000a00 vdev: 16777216 words: 1
	    [   189]    F  range: 000ff9de00-000ff9e000  size: 000200 vdev: 16777216 words: 1
	    [   190]    F  range: 000ffa1400-000ffac200  size: 00ae00 vdev: 16777216 words: 1
	    [   191]    F  range: 00104d0a00-00104d0e00  size: 000400 vdev: 16777216 words: 1
	    [   192]    F  range: 00104d1000-00104daa00  size: 009a00 vdev: 16777216 words: 1
	    [   193]    F  range: 0010a06400-0010a06c00  size: 000800 vdev: 16777216 words: 1
	    [   194]    F  range: 0010bdaa00-0010bdb400  size: 000a00 vdev: 16777216 words: 1
	    [   195]    F  range: 0010bdc200-0010be6600  size: 00a400 vdev: 16777216 words: 1
	    [   196]    F  range: 00116cf600-00116dae00  size: 00b800 vdev: 16777216 words: 1
	    [   197]    F  range: 0011a00800-0011a01200  size: 000a00 vdev: 16777216 words: 1
	    [   198]    F  range: 0012112800-001211c600  size: 009e00 vdev: 16777216 words: 1
	    [   199]    F  range: 0012c2d000-0012c38e00  size: 00be00 vdev: 16777216 words: 1
	    [   200]    F  range: 0013651000-001365b200  size: 00a200 vdev: 16777216 words: 1
	    [   201]    F  range: 00141eb000-00141ec400  size: 001400 vdev: 16777216 words: 1
	    [   202]    F  range: 001427ce00-001427ec00  size: 001e00 vdev: 16777216 words: 1
	    [   203]    F  range: 00148c5a00-00148c6600  size: 000c00 vdev: 16777216 words: 1
	    [   204]    F  range: 0014df3a00-0014df4600  size: 000c00 vdev: 16777216 words: 1
	    [   205]    F  range: 0014e01a00-0014e02000  size: 000600 vdev: 16777216 words: 1
	    [   206]    F  range: 0014e38800-0014e3f000  size: 006800 vdev: 16777216 words: 1
	    [   207]    F  range: 0014ebfc00-0014ed0200  size: 010600 vdev: 16777216 words: 1
	    [   208]    F  range: 0014efb400-0014efb800  size: 000400 vdev: 16777216 words: 1
	    [   209]    F  range: 0014f71400-0014f71600  size: 000200 vdev: 16777216 words: 1
	    [   210]    F  range: 0015d77c00-0015d7fa00  size: 007e00 vdev: 16777216 words: 1
	    [   211]    F  range: 00164b8200-00164c1c00  size: 009a00 vdev: 16777216 words: 1
	    [   212]    F  range: 00169e9000-00169f2a00  size: 009a00 vdev: 16777216 words: 1
	    [   213]    F  range: 0016e26c00-0016e26e00  size: 000200 vdev: 16777216 words: 1
	    [   214]    F  range: 0016f1cc00-0016f1ce00  size: 000200 vdev: 16777216 words: 1
	    [   215]    F  range: 0016f37400-0016f38400  size: 001000 vdev: 16777216 words: 1
	    [   216]    F  range: 0016f3c400-0016f3c600  size: 000200 vdev: 16777216 words: 1
	    [   217]    F  range: 0016f42400-0016f43000  size: 000c00 vdev: 16777216 words: 1
	    [   218]    F  range: 0017113800-0017114200  size: 000a00 vdev: 16777216 words: 1
	    [   219]    F  range: 0017114e00-001711ca00  size: 007c00 vdev: 16777216 words: 1
	    [   220]    F  range: 00171aa600-00171aac00  size: 000600 vdev: 16777216 words: 1
	    [   221]    F  range: 00176bee00-00176bf000  size: 000200 vdev: 16777216 words: 1
	    [   222]    F  range: 00177b4200-00177b5200  size: 001000 vdev: 16777216 words: 1
	    [   223]    F  range: 00177b6600-00177bfe00  size: 009800 vdev: 16777216 words: 1
	    [   224]    F  range: 0017846800-0017846c00  size: 000400 vdev: 16777216 words: 1
	    [   225]    F  range: 001785e800-001785ea00  size: 000200 vdev: 16777216 words: 1
	    [   226]    F  range: 0017b59c00-0017b59e00  size: 000200 vdev: 16777216 words: 1
	    [   227]    F  range: 0017b5d600-0017b5d800  size: 000200 vdev: 16777216 words: 1
	    [   228]    F  range: 0017f26400-0017f27400  size: 001000 vdev: 16777216 words: 1
	    [   229]    F  range: 0017f2a200-0017f33800  size: 009600 vdev: 16777216 words: 1
	    [   230]    F  range: 0017f5c200-0017f5c400  size: 000200 vdev: 16777216 words: 1
	    [   231]    F  range: 0018589400-001858a800  size: 001400 vdev: 16777216 words: 1
	    [   232]    F  range: 001860d600-001860d800  size: 000200 vdev: 16777216 words: 1
	    [   233]    F  range: 0018659800-0018662e00  size: 009600 vdev: 16777216 words: 1
	    [   234]    F  range: 0018c49600-0018c54e00  size: 00b800 vdev: 16777216 words: 1
	    [   235]    F  range: 00192e7600-00192f4000  size: 00ca00 vdev: 16777216 words: 1
	    [   236]    F  range: 001985f800-001986da00  size: 00e200 vdev: 16777216 words: 1
	    [   237]    F  range: 0019f83e00-0019f84000  size: 000200 vdev: 16777216 words: 1
	    [   238]    F  range: 0019fa7000-0019fa7e00  size: 000e00 vdev: 16777216 words: 1
	    [   239]    F  range: 001a3d4c00-001a3ddc00  size: 009000 vdev: 16777216 words: 1
	    [   240]    F  range: 001a44c400-001a44c800  size: 000400 vdev: 16777216 words: 1
	    [   241]    F  range: 001ab55400-001ab56c00  size: 001800 vdev: 16777216 words: 1
	    [   242]    F  range: 001ab7b000-001ab84a00  size: 009a00 vdev: 16777216 words: 1
	    [   243]    F  range: 001b29c400-001b2a8000  size: 00bc00 vdev: 16777216 words: 1
	    [   244]    F  range: 001ba34c00-001ba42000  size: 00d400 vdev: 16777216 words: 1
	    [   245]    F  range: 001c28fa00-001c29e600  size: 00ec00 vdev: 16777216 words: 1
	    [   246]    F  range: 001c2e2e00-001c2e3000  size: 000200 vdev: 16777216 words: 1
	    [   247]    F  range: 001c87b000-001c87b200  size: 000200 vdev: 16777216 words: 1
	    [   248]    F  range: 001ca4e000-001ca4ec00  size: 000c00 vdev: 16777216 words: 1
	    [   249]    F  range: 001cc57a00-001cc58800  size: 000e00 vdev: 16777216 words: 1
	    [   250]    F  range: 001cc63600-001cc6cc00  size: 009600 vdev: 16777216 words: 1
	    [   251]    F  range: 001d148000-001d148200  size: 000200 vdev: 16777216 words: 1
	    [   252]    F  range: 001d1cd000-001d1cde00  size: 000e00 vdev: 16777216 words: 1
	    [   253]    F  range: 001d3ccc00-001d3cd000  size: 000400 vdev: 16777216 words: 1
	    [   254]    F  range: 001d3cf600-001d3cfe00  size: 000800 vdev: 16777216 words: 1
	    [   255]    F  range: 001d3d0c00-001d3d9800  size: 008c00 vdev: 16777216 words: 1
	    [   256]    F  range: 001d58b800-001d58c000  size: 000800 vdev: 16777216 words: 1
	    [   257]    F  range: 001d60d800-001d60dc00  size: 000400 vdev: 16777216 words: 1
	    [   258]    F  range: 001db54a00-001db5ea00  size: 00a000 vdev: 16777216 words: 1
	    [   259]    F  range: 001e2e6000-001e2f0e00  size: 00ae00 vdev: 16777216 words: 1
	    [   260]    F  range: 001e56d800-001e56e600  size: 000e00 vdev: 16777216 words: 1
	    [   261]    F  range: 001e642600-001e642a00  size: 000400 vdev: 16777216 words: 1
	    [   262]    F  range: 001e69da00-001e69dc00  size: 000200 vdev: 16777216 words: 1
	    [   263]    F  range: 001e935400-001e93fe00  size: 00aa00 vdev: 16777216 words: 1
	    [   264]    F  range: 001ee1e400-001ee2a600  size: 00c200 vdev: 16777216 words: 1
	    [   265]    F  range: 001f181400-001f181600  size: 000200 vdev: 16777216 words: 1
	    [   266]    F  range: 001f314c00-001f315200  size: 000600 vdev: 16777216 words: 1
	    [   267]    F  range: 001f38f000-001f399400  size: 00a400 vdev: 16777216 words: 1
	    [   268]    F  range: 001f3ac600-001f3aca00  size: 000400 vdev: 16777216 words: 1
	    [   269]    F  range: 001f714a00-001f715c00  size: 001200 vdev: 16777216 words: 1
	    [   270]    F  range: 001f8ee200-001f8f8a00  size: 00a800 vdev: 16777216 words: 1
	    [   271]    F  range: 001ff9cc00-001ffa7600  size: 00aa00 vdev: 16777216 words: 1
	    [   272]    F  range: 0020443600-0020443a00  size: 000400 vdev: 16777216 words: 1
	    [   273]    F  range: 0020577800-0020578600  size: 000e00 vdev: 16777216 words: 1
	    [   274]    F  range: 00205af600-00205b0400  size: 000e00 vdev: 16777216 words: 1
	    [   275]    F  range: 0020654200-0020654400  size: 000200 vdev: 16777216 words: 1
	    [   276]    F  range: 0020671400-0020672400  size: 001000 vdev: 16777216 words: 1
	    [   277]    F  range: 0020676600-002067fc00  size: 009600 vdev: 16777216 words: 1
	    [   278]    F  range: 00208af200-00208af400  size: 000200 vdev: 16777216 words: 1
	    [   279]    F  range: 0020c66800-0020c66c00  size: 000400 vdev: 16777216 words: 1
	    [   280]    F  range: 0020e67800-0020e73000  size: 00b800 vdev: 16777216 words: 1
	    [   281]    F  range: 002169d600-002169e800  size: 001200 vdev: 16777216 words: 1
	    [   282]    F  range: 00217e9400-00217e9a00  size: 000600 vdev: 16777216 words: 1
	    [   283]    F  range: 00217ea800-00217f5000  size: 00a800 vdev: 16777216 words: 1
	    [   284]    F  range: 00221cd000-00221d9a00  size: 00ca00 vdev: 16777216 words: 1
	    [   285]    F  range: 0022d8d200-0022d9ac00  size: 00da00 vdev: 16777216 words: 1
	    [   286]    F  range: 0023907800-0023916800  size: 00f000 vdev: 16777216 words: 1
	    [   287]    F  range: 002434b600-002435be00  size: 010800 vdev: 16777216 words: 1
	    [   288]    F  range: 0024b9ae00-0024baa800  size: 00fa00 vdev: 16777216 words: 1
	    [   289]    F  range: 0024bab200-0024bacc00  size: 001a00 vdev: 16777216 words: 1
	    [   290]    F  range: 0024bdfa00-0024bdfc00  size: 000200 vdev: 16777216 words: 1
	    [   291]    F  range: 0025336a00-0025337e00  size: 001400 vdev: 16777216 words: 1
	    [   292]    F  range: 002551c200-0025525600  size: 009400 vdev: 16777216 words: 1
	    [   293]    F  range: 0025f26800-0025f31000  size: 00a800 vdev: 16777216 words: 1
	    [   294]    F  range: 0025f31c00-0025f32800  size: 000c00 vdev: 16777216 words: 1
	    [   295]    F  range: 0026b47a00-0026b54800  size: 00ce00 vdev: 16777216 words: 1
	    [   296]    F  range: 0027747400-0027755a00  size: 00e600 vdev: 16777216 words: 1
	    [   297]    F  range: 00281f8e00-0028208c00  size: 00fe00 vdev: 16777216 words: 1
	    [   298]    F  range: 0028a6d400-0028a7e800  size: 011400 vdev: 16777216 words: 1
	    [   299]    F  range: 0028b94600-0028b94800  size: 000200 vdev: 16777216 words: 1
	    [   300]    F  range: 0029343a00-002934d400  size: 009a00 vdev: 16777216 words: 1
	    [   301]    F  range: 0029ca2000-0029cad400  size: 00b400 vdev: 16777216 words: 1
	    [   302]    F  range: 002a8cfe00-002a8d0a00  size: 000c00 vdev: 16777216 words: 1
	    [   303]    F  range: 002b492800-002b49ce00  size: 00a600 vdev: 16777216 words: 1
	    [   304]    F  range: 002bef7e00-002befb800  size: 003a00 vdev: 16777216 words: 1
	    [   305]    F  range: 002c7dd000-002c7dea00  size: 001a00 vdev: 16777216 words: 1
	    [   306]    F  range: 002cf16800-002cf17c00  size: 001400 vdev: 16777216 words: 1
	    [   307]    F  range: 002d0b6000-002d0b7800  size: 001800 vdev: 16777216 words: 1
	    [   308]    F  range: 002dab7e00-002dab8000  size: 000200 vdev: 16777216 words: 1
	    [   309]    F  range: 002e6dd600-002e6df000  size: 001a00 vdev: 16777216 words: 1
	    [   310]    F  range: 002f266400-002f26a400  size: 004000 vdev: 16777216 words: 1
	    [   311]    F  range: 002f272400-002f275600  size: 003200 vdev: 16777216 words: 1
	    [   312]    F  range: 002fcb1000-002fcc1a00  size: 010a00 vdev: 16777216 words: 1
	    [   313]    F  range: 00305a7a00-00305b9a00  size: 012000 vdev: 16777216 words: 1
	    [   314]    F  range: 0030706000-0030706600  size: 000600 vdev: 16777216 words: 1
	    [   315]    F  range: 0030a0cc00-0030a0ce00  size: 000200 vdev: 16777216 words: 1
	    [   316]    F  range: 0030cc6000-0030cc6c00  size: 000c00 vdev: 16777216 words: 1
	    [   317]    F  range: 0030cd7000-0030cd8000  size: 001000 vdev: 16777216 words: 1
	    [   318]    F  range: 0030cd9600-0030cda200  size: 000c00 vdev: 16777216 words: 1
	    [   319]    F  range: 0030d1a200-0030d1a400  size: 000200 vdev: 16777216 words: 1
	    [   320]    F  range: 0030d1b200-0030d24400  size: 009200 vdev: 16777216 words: 1
	    [   321]    F  range: 0030f89c00-0030f8aa00  size: 000e00 vdev: 16777216 words: 1
	    [   322]    F  range: 003154a800-003154b400  size: 000c00 vdev: 16777216 words: 1
	    [   323]    F  range: 00315d7e00-00315d8400  size: 000600 vdev: 16777216 words: 1
	    [   324]    F  range: 00315d9200-00315dea00  size: 005800 vdev: 16777216 words: 1
	    [   325]    F  range: 0031931400-0031932400  size: 001000 vdev: 16777216 words: 1
	    [   326]    F  range: 0031e48400-0031e49000  size: 000c00 vdev: 16777216 words: 1
	    [   327]    F  range: 0031e53e00-0031e54600  size: 000800 vdev: 16777216 words: 1
	    [   328]    F  range: 0031e5fe00-0031e69600  size: 009800 vdev: 16777216 words: 1
	    [   329]    F  range: 0032081200-0032082600  size: 001400 vdev: 16777216 words: 1
	    [   330]    F  range: 00320d6400-00320d6800  size: 000400 vdev: 16777216 words: 1
	    [   331]    F  range: 00326d0e00-00326d1a00  size: 000c00 vdev: 16777216 words: 1
	    [   332]    F  range: 00326e1c00-00326e2600  size: 000a00 vdev: 16777216 words: 1
	    [   333]    F  range: 00326e8200-00326f2000  size: 009e00 vdev: 16777216 words: 1
	    [   334]    F  range: 00328cb600-00328cd000  size: 001a00 vdev: 16777216 words: 1
	    [   335]    F  range: 0032904200-0032904600  size: 000400 vdev: 16777216 words: 1
	    [   336]    F  range: 0032f9da00-0032f9e600  size: 000c00 vdev: 16777216 words: 1
	    [   337]    F  range: 0032facc00-0032fada00  size: 000e00 vdev: 16777216 words: 1
	    [   338]    F  range: 0032fae800-0032faf000  size: 000800 vdev: 16777216 words: 1
	    [   339]    F  range: 0032fb5200-0032fbf400  size: 00a200 vdev: 16777216 words: 1
	    [   340]    F  range: 00331e1a00-00331e1e00  size: 000400 vdev: 16777216 words: 1
	    [   341]    F  range: 00337a8a00-00337a9000  size: 000600 vdev: 16777216 words: 1
	    [   342]    F  range: 0033815a00-0033816600  size: 000c00 vdev: 16777216 words: 1
	    [   343]    F  range: 0033817400-0033818200  size: 000e00 vdev: 16777216 words: 1
	    [   344]    F  range: 003382a800-003382ae00  size: 000600 vdev: 16777216 words: 1
	    [   345]    F  range: 0033856600-00338d1000  size: 07aa00 vdev: 16777216 words: 1
	    [   346]    F  range: 0033b60e00-0033b61a00  size: 000c00 vdev: 16777216 words: 1
	    [   347]    F  range: 0033be4200-0033be4400  size: 000200 vdev: 16777216 words: 1
	    [   348]    F  range: 0034053200-0034054200  size: 001000 vdev: 16777216 words: 1
	    [   349]    F  range: 0034100200-0034100400  size: 000200 vdev: 16777216 words: 1
	    [   350]    F  range: 0034113600-003411f800  size: 00c200 vdev: 16777216 words: 1
	    [   351]    F  range: 003412e000-003412e600  size: 000600 vdev: 16777216 words: 1
	    [   352]    F  range: 003444c400-003444c600  size: 000200 vdev: 16777216 words: 1
	    [   353]    F  range: 003444c800-003444d600  size: 000e00 vdev: 16777216 words: 1
	    [   354]    F  range: 0034622800-0034622a00  size: 000200 vdev: 16777216 words: 1
	    [   355]    F  range: 0034686e00-0034687800  size: 000a00 vdev: 16777216 words: 1
	    [   356]    F  range: 00346b5800-00346b6600  size: 000e00 vdev: 16777216 words: 1
	    [   357]    F  range: 00346b7e00-00346c3000  size: 00b200 vdev: 16777216 words: 1
	    [   358]    F  range: 00348cea00-00348cec00  size: 000200 vdev: 16777216 words: 1
	    [   359]    F  range: 00348f0c00-00348f0e00  size: 000200 vdev: 16777216 words: 1
	    [   360]    F  range: 0034fb7200-0034fb7e00  size: 000c00 vdev: 16777216 words: 1
	    [   361]    F  range: 0034fda200-0034fdbe00  size: 001c00 vdev: 16777216 words: 1
	    [   362]    F  range: 0034fdcc00-0034fdce00  size: 000200 vdev: 16777216 words: 1
	    [   363]    F  range: 0034fdf600-0034feb400  size: 00be00 vdev: 16777216 words: 1
	    [   364]    F  range: 00355b8e00-00355b9400  size: 000600 vdev: 16777216 words: 1
	    [   365]    F  range: 0035765400-0035766200  size: 000e00 vdev: 16777216 words: 1
	    [   366]    F  range: 0035768a00-0035769800  size: 000e00 vdev: 16777216 words: 1
	    [   367]    F  range: 003576aa00-0035776a00  size: 00c000 vdev: 16777216 words: 1
	    [   368]    F  range: 0035a2c600-0035a2da00  size: 001400 vdev: 16777216 words: 1
	    [   369]    F  range: 0035bed400-0035bfa600  size: 00d200 vdev: 16777216 words: 1
	    [   370]    F  range: 0035bfaa00-0035bfac00  size: 000200 vdev: 16777216 words: 1
	    [   371]    F  range: 003613e000-003614c600  size: 00e600 vdev: 16777216 words: 1
	    [   372]    F  range: 0036498600-0036499c00  size: 001600 vdev: 16777216 words: 1
	    [   373]    F  range: 003652c800-003653a600  size: 00de00 vdev: 16777216 words: 1
	    [   374]    F  range: 003676d400-003676de00  size: 000a00 vdev: 16777216 words: 1
	    [   375]    F  range: 0036bec400-0036bede00  size: 001a00 vdev: 16777216 words: 1
	    [   376]    F  range: 0036bf1600-0036bfe400  size: 00ce00 vdev: 16777216 words: 1
	    [   377]    F  range: 0036e43000-0036e43400  size: 000400 vdev: 16777216 words: 1
	    [   378]    F  range: 00373e4a00-00373e5400  size: 000a00 vdev: 16777216 words: 1
	    [   379]    F  range: 00373e8800-00373f2400  size: 009c00 vdev: 16777216 words: 1
	    [   380]    F  range: 0037c9ac00-0037c9ae00  size: 000200 vdev: 16777216 words: 1
	    [   382]    F  range: 00396c7800-0040000000  size: 6938800 vdev: 000000 words: 2
	    [   383] ALLOC: txg 161, pass 2
	    [   384]    A  range: 00396c7800-00396c9a00  size: 002200 vdev: 16777216 words: 1
	    [   385] FREE: txg 161, pass 2
	    [   386]    F  range: 00039c1200-00039c1c00  size: 000a00 vdev: 16777216 words: 1
	    [   387]    F  range: 00141ec400-00141ece00  size: 000a00 vdev: 16777216 words: 1
	    [   388]    F  range: 0024baa800-0024bab200  size: 000a00 vdev: 16777216 words: 1
	    [   389]    F  range: 00385fda00-0038600600  size: 002c00 vdev: 16777216 words: 1
	    [   390] ALLOC: txg 161, pass 3
	    [   391]    A  range: 00396c9a00-00396ca800  size: 000e00 vdev: 16777216 words: 1
	    [   392] ALLOC: txg 162, pass 1
	    [   393]    A  range: 00373e8800-00373f0800  size: 008000 vdev: 16777216 words: 1
	    [   394]    A  range: 0037c92200-0037c9a200  size: 008000 vdev: 16777216 words: 1
	    [   395]    A  range: 00396ca800-0039e7d600  size: 7b2e00 vdev: 16777216 words: 1
	    [   396] FREE: txg 162, pass 1
	    [   397]    F  range: 0039053600-0039053a00  size: 000400 vdev: 16777216 words: 1
	    [   398]    F  range: 0039671800-0039672200  size: 000a00 vdev: 16777216 words: 1
	    [   399]    F  range: 00396a7400-00396a7c00  size: 000800 vdev: 16777216 words: 1
	    [   400]    F  range: 00396bbe00-00396c5200  size: 009400 vdev: 16777216 words: 1
	    [   401]    F  range: 00396c5400-00396c7800  size: 002400 vdev: 16777216 words: 1
	    [   402]    F  range: 0039e7b000-0039e7b200  size: 000200 vdev: 16777216 words: 1
	    [   403] ALLOC: txg 162, pass 2
	    [   404]    A  range: 0039e7d600-0039e7fa00  size: 002400 vdev: 16777216 words: 1
	    [   405] FREE: txg 162, pass 2
	    [   406]    F  range: 00039c1c00-00039c2600  size: 000a00 vdev: 16777216 words: 1
	    [   407]    F  range: 0014e3f000-0014e3fc00  size: 000c00 vdev: 16777216 words: 1
	    [   408]    F  range: 0025f31000-0025f31c00  size: 000c00 vdev: 16777216 words: 1
	    [   409]    F  range: 0038ec5000-0038ec7600  size: 002600 vdev: 16777216 words: 1
	    [   410]    F  range: 00396c7e00-00396c8800  size: 000a00 vdev: 16777216 words: 1
	    [   411] ALLOC: txg 162, pass 3
	    [   412]    A  range: 0039e7fa00-0039e7fc00  size: 000200 vdev: 16777216 words: 1
	    [   413] ALLOC: txg 163, pass 1
	    [   414]    A  range: 0039e7fc00-003a5cf000  size: 74f400 vdev: 16777216 words: 1
	    [   415] FREE: txg 163, pass 1
	    [   416]    F  range: 0038eb9e00-0038ebac00  size: 000e00 vdev: 16777216 words: 1
	    [   417]    F  range: 0039a9a800-0039a9ac00  size: 000400 vdev: 16777216 words: 1
	    [   418]    F  range: 0039be4a00-0039be7200  size: 002800 vdev: 16777216 words: 1
	    [   419]    F  range: 0039e31c00-0039e32600  size: 000a00 vdev: 16777216 words: 1
	    [   420]    F  range: 0039e5dc00-0039e5ea00  size: 000e00 vdev: 16777216 words: 1
	    [   421]    F  range: 0039e6c400-0039e6c800  size: 000400 vdev: 16777216 words: 1
	    [   422]    F  range: 0039e70c00-0039e7b000  size: 00a400 vdev: 16777216 words: 1
	    [   423]    F  range: 0039e7b200-0039e7d600  size: 002400 vdev: 16777216 words: 1
	    [   424]    F  range: 003a5cca00-003a5ccc00  size: 000200 vdev: 16777216 words: 1
	    [   425] ALLOC: txg 163, pass 2
	    [   426]    A  range: 003a5cf000-003a5d1600  size: 002600 vdev: 16777216 words: 1
	    [   427] FREE: txg 163, pass 2
	    [   428]    F  range: 00396c7800-00396c7e00  size: 000600 vdev: 16777216 words: 1
	    [   429]    F  range: 00396c8800-00396ca800  size: 002000 vdev: 16777216 words: 1
	    [   430] ALLOC: txg 163, pass 3
	    [   431]    A  range: 003a5d1600-003a5d1800  size: 000200 vdev: 16777216 words: 1
	    [   432] ALLOC: txg 163, pass 4
	    [   433]    A  range: 003a5d1800-003a5d1c00  size: 000400 vdev: 16777216 words: 1
	    [   434] ALLOC: txg 163, pass 5
	    [   435]    A  range: 0037c9a200-0037d1a200  size: 080000 vdev: 16777216 words: 1
	    [   436]    A  range: 003a5d1c00-003a5e1400  size: 00f800 vdev: 16777216 words: 1
	    [   437] ALLOC: txg 164, pass 1
	    [   438]    A  range: 0033856600-0033876600  size: 020000 vdev: 16777216 words: 1
	    [   439]    A  range: 003a5e1400-003ac8aa00  size: 6a9600 vdev: 16777216 words: 1
	    [   440] FREE: txg 164, pass 1
	    [   441]    F  range: 0037cfa200-0037d1a200  size: 020000 vdev: 16777216 words: 1
	    [   442]    F  range: 003a04b200-003a04b600  size: 000400 vdev: 16777216 words: 1
	    [   443]    F  range: 003a5be200-003a5bf000  size: 000e00 vdev: 16777216 words: 1
	    [   444]    F  range: 003a5bf800-003a5cca00  size: 00d200 vdev: 16777216 words: 1
	    [   445]    F  range: 003a5ccc00-003a5cd800  size: 000c00 vdev: 16777216 words: 1
	    [   446]    F  range: 003a5d8c00-003a5e1400  size: 008800 vdev: 16777216 words: 1
	    [   447]    F  range: 003ac88400-003ac88600  size: 000200 vdev: 16777216 words: 1
	    [   448] ALLOC: txg 164, pass 2
	    [   449]    A  range: 003ac8aa00-003ac8d200  size: 002800 vdev: 16777216 words: 1
	    [   450] FREE: txg 164, pass 2
	    [   451]    F  range: 0039e7d600-0039e7fc00  size: 002600 vdev: 16777216 words: 1
	    [   452]    F  range: 003a5cd800-003a5d1c00  size: 004400 vdev: 16777216 words: 1
	    [   453] ALLOC: txg 164, pass 3
	    [   454]    A  range: 003ac8d200-003ac8d400  size: 000200 vdev: 16777216 words: 1
	    [   455] ALLOC: txg 165, pass 1
	    [   456]    A  range: 0033876600-0033896600  size: 020000 vdev: 16777216 words: 1
	    [   457]    A  range: 003ac8d400-003b346e00  size: 6b9a00 vdev: 16777216 words: 1
	    [   458] FREE: txg 165, pass 1
	    [   459]    F  range: 003a729200-003a729400  size: 000200 vdev: 16777216 words: 1
	    [   460]    F  range: 003a8b2e00-003a8b3c00  size: 000e00 vdev: 16777216 words: 1
	    [   461]    F  range: 003ac1da00-003ac1dc00  size: 000200 vdev: 16777216 words: 1
	    [   462]    F  range: 003ac44e00-003ac45c00  size: 000e00 vdev: 16777216 words: 1
	    [   463]    F  range: 003ac70400-003ac70800  size: 000400 vdev: 16777216 words: 1
	    [   464]    F  range: 003ac78600-003ac79c00  size: 001600 vdev: 16777216 words: 1
	    [   465]    F  range: 003ac7c200-003ac88400  size: 00c200 vdev: 16777216 words: 1
	    [   466]    F  range: 003ac88600-003ac8aa00  size: 002400 vdev: 16777216 words: 1
	    [   467]    F  range: 003b344800-003b344a00  size: 000200 vdev: 16777216 words: 1
	    [   468] ALLOC: txg 165, pass 2
	    [   469]    A  range: 003b346e00-003b349600  size: 002800 vdev: 16777216 words: 1
	    [   470] FREE: txg 165, pass 2
	    [   471]    F  range: 0037c9a200-0037cfa200  size: 060000 vdev: 16777216 words: 1
	    [   472]    F  range: 003a5d1c00-003a5d8c00  size: 007000 vdev: 16777216 words: 1
	    [   473] ALLOC: txg 165, pass 3
	    [   474]    A  range: 003b349600-003b349800  size: 000200 vdev: 16777216 words: 1
	    [   475] ALLOC: txg 166, pass 1
	    [   476]    A  range: 0033896600-00338c6600  size: 030000 vdev: 16777216 words: 1
	    [   477]    A  range: 0037d1a200-0037d2a200  size: 010000 vdev: 16777216 words: 1
	    [   478]    A  range: 00385f3600-00385fb600  size: 008000 vdev: 16777216 words: 1
	    [   479]    A  range: 003b349800-003b9f9000  size: 6af800 vdev: 16777216 words: 1
	    [   480] FREE: txg 166, pass 1
	    [   481]    F  range: 003b183400-003b183600  size: 000200 vdev: 16777216 words: 1
	    [   482]    F  range: 003b332a00-003b333800  size: 000e00 vdev: 16777216 words: 1
	    [   483]    F  range: 003b337000-003b344800  size: 00d800 vdev: 16777216 words: 1
	    [   484]    F  range: 003b344a00-003b346e00  size: 002400 vdev: 16777216 words: 1
	    [   485]    F  range: 003b9f6a00-003b9f6c00  size: 000200 vdev: 16777216 words: 1
	    [   486] ALLOC: txg 166, pass 2
	    [   487]    A  range: 003b9f9000-003b9fba00  size: 002a00 vdev: 16777216 words: 1
	    [   488] FREE: txg 166, pass 2
	    [   489]    F  range: 003ac8aa00-003ac8d400  size: 002a00 vdev: 16777216 words: 1
	    [   490] ALLOC: txg 166, pass 3
	    [   491]    A  range: 003b9fba00-003b9fbc00  size: 000200 vdev: 16777216 words: 1
	    [   492] ALLOC: txg 167, pass 1
	    [   493]    A  range: 0037cfa200-0037d1a200  size: 020000 vdev: 16777216 words: 1
	    [   494]    A  range: 0038eb9e00-0038ec1e00  size: 008000 vdev: 16777216 words: 1
	    [   495]    A  range: 003b9fbc00-003c0a8e00  size: 6ad200 vdev: 16777216 words: 1
	    [   496] FREE: txg 167, pass 1
	    [   497]    F  range: 003b38da00-003b38dc00  size: 000200 vdev: 16777216 words: 1
	    [   498]    F  range: 003b9db400-003b9db800  size: 000400 vdev: 16777216 words: 1
	    [   499]    F  range: 003b9e1c00-003b9e2c00  size: 001000 vdev: 16777216 words: 1
	    [   500]    F  range: 003b9e8c00-003b9f6a00  size: 00de00 vdev: 16777216 words: 1
	    [   501]    F  range: 003b9f6c00-003b9f9000  size: 002400 vdev: 16777216 words: 1
	    [   502]    F  range: 003c0a6800-003c0a6a00  size: 000200 vdev: 16777216 words: 1
	    [   503] ALLOC: txg 167, pass 2
	    [   504]    A  range: 003c0a8e00-003c0aac00  size: 001e00 vdev: 16777216 words: 1
	    [   505] FREE: txg 167, pass 2
	    [   506]    F  range: 003b346e00-003b349800  size: 002a00 vdev: 16777216 words: 1
	    [   507] ALLOC: txg 167, pass 3
	    [   508]    A  range: 003c0aac00-003c0ab000  size: 000400 vdev: 16777216 words: 1
	    [   509] ALLOC: txg 168, pass 1
	    [   510]    A  range: 00396bbe00-00396c3e00  size: 008000 vdev: 16777216 words: 1
	    [   511]    A  range: 003a5bf800-003a5df800  size: 020000 vdev: 16777216 words: 1
	    [   512]    A  range: 003c0ab000-003c8d7e00  size: 82ce00 vdev: 16777216 words: 1
	    [   513] FREE: txg 168, pass 1
	    [   514]    F  range: 003add3400-003add3600  size: 000200 vdev: 16777216 words: 1
	    [   515]    F  range: 003af59800-003af5a600  size: 000e00 vdev: 16777216 words: 1
	    [   516]    F  range: 003c081e00-003c082400  size: 000600 vdev: 16777216 words: 1
	    [   517]    F  range: 003c08b600-003c08c600  size: 001000 vdev: 16777216 words: 1
	    [   518]    F  range: 003c098400-003c098e00  size: 000a00 vdev: 16777216 words: 1
	    [   519]    F  range: 003c099c00-003c0a6800  size: 00cc00 vdev: 16777216 words: 1
	    [   520]    F  range: 003c0a6a00-003c0a8e00  size: 002400 vdev: 16777216 words: 1
	    [   521]    F  range: 003c8d5800-003c8d5a00  size: 000200 vdev: 16777216 words: 1
	    [   522] ALLOC: txg 168, pass 2
	    [   523]    A  range: 003c8d7e00-003c8d9e00  size: 002000 vdev: 16777216 words: 1
	    [   524] FREE: txg 168, pass 2
	    [   525]    F  range: 003b9f9000-003b9faa00  size: 001a00 vdev: 16777216 words: 1
	    [   526]    F  range: 003b9fb600-003b9fbc00  size: 000600 vdev: 16777216 words: 1
	    [   527] ALLOC: txg 168, pass 3
	    [   528]    A  range: 003c8d9e00-003c8da200  size: 000400 vdev: 16777216 words: 1
	    [   529] ALLOC: txg 169, pass 1
	    [   530]    A  range: 003c8da200-003cfa9e00  size: 6cfc00 vdev: 16777216 words: 1
	    [   531] FREE: txg 169, pass 1
	    [   532]    F  range: 003c132200-003c132400  size: 000200 vdev: 16777216 words: 1
	    [   533]    F  range: 003c430c00-003c431000  size: 000400 vdev: 16777216 words: 1
	    [   534]    F  range: 003c8c1600-003c8c2400  size: 000e00 vdev: 16777216 words: 1
	    [   535]    F  range: 003c8c3200-003c8c3e00  size: 000c00 vdev: 16777216 words: 1
	    [   536]    F  range: 003c8c6000-003c8c6e00  size: 000e00 vdev: 16777216 words: 1
	    [   537]    F  range: 003c8c8a00-003c8d5800  size: 00ce00 vdev: 16777216 words: 1
	    [   538]    F  range: 003c8d5a00-003c8d7e00  size: 002400 vdev: 16777216 words: 1
	    [   539]    F  range: 003cfa7800-003cfa7a00  size: 000200 vdev: 16777216 words: 1
	    [   540] ALLOC: txg 169, pass 2
	    [   541]    A  range: 003cfa9e00-003cfab200  size: 001400 vdev: 16777216 words: 1
	    [   542] FREE: txg 169, pass 2
	    [   543]    F  range: 003c0a8e00-003c0ab000  size: 002200 vdev: 16777216 words: 1
	    [   544] ALLOC: txg 169, pass 3
	    [   545]    A  range: 003cfab200-003cfab400  size: 000200 vdev: 16777216 words: 1
	    [   546] ALLOC: txg 170, pass 1
	    [   547]    A  range: 003cfab400-003d627000  size: 67bc00 vdev: 16777216 words: 1
	    [   548] FREE: txg 170, pass 1
	    [   549]    F  range: 003c132c00-003c132e00  size: 000200 vdev: 16777216 words: 1
	    [   550]    F  range: 003c8bc800-003c8bd600  size: 000e00 vdev: 16777216 words: 1
	    [   551]    F  range: 003c9b7e00-003c9b8000  size: 000200 vdev: 16777216 words: 1
	    [   552]    F  range: 003cd2c200-003cd2ca00  size: 000800 vdev: 16777216 words: 1
	    [   553]    F  range: 003cf8ba00-003cf8c800  size: 000e00 vdev: 16777216 words: 1
	    [   554]    F  range: 003cf96000-003cf96e00  size: 000e00 vdev: 16777216 words: 1
	    [   555]    F  range: 003cf99800-003cfa7800  size: 00e000 vdev: 16777216 words: 1
	    [   556]    F  range: 003cfa7a00-003cfa9e00  size: 002400 vdev: 16777216 words: 1
	    [   557]    F  range: 003d624a00-003d624c00  size: 000200 vdev: 16777216 words: 1
	    [   558] ALLOC: txg 170, pass 2
	    [   559]    A  range: 003d627000-003d628400  size: 001400 vdev: 16777216 words: 1
	    [   560] FREE: txg 170, pass 2
	    [   561]    F  range: 003c8d7e00-003c8d8600  size: 000800 vdev: 16777216 words: 1
	    [   562]    F  range: 003c8d9400-003c8da200  size: 000e00 vdev: 16777216 words: 1
	    [   563] ALLOC: txg 170, pass 3
	    [   564]    A  range: 003d628400-003d628600  size: 000200 vdev: 16777216 words: 1
	    [   565] ALLOC: txg 171, pass 1
	    [   566]    A  range: 003d628600-003de5ae00  size: 832800 vdev: 16777216 words: 1
	    [   567] FREE: txg 171, pass 1
	    [   568]    F  range: 0038697200-0038697400  size: 000200 vdev: 16777216 words: 1
	    [   569]    F  range: 0038ea4a00-0038ea5800  size: 000e00 vdev: 16777216 words: 1
	    [   570]    F  range: 003cfb7200-003cfb7800  size: 000600 vdev: 16777216 words: 1
	    [   571]    F  range: 003d04a000-003d04a200  size: 000200 vdev: 16777216 words: 1
	    [   572]    F  range: 003d0f7a00-003d0f7c00  size: 000200 vdev: 16777216 words: 1
	    [   573]    F  range: 003d10ee00-003d10f200  size: 000400 vdev: 16777216 words: 1
	    [   574]    F  range: 003d112000-003d112400  size: 000400 vdev: 16777216 words: 1
	    [   575]    F  range: 003d33c600-003d33c800  size: 000200 vdev: 16777216 words: 1
	    [   576]    F  range: 003d38ac00-003d38ae00  size: 000200 vdev: 16777216 words: 1
	    [   577]    F  range: 003d485400-003d485600  size: 000200 vdev: 16777216 words: 1
	    [   578]    F  range: 003d602600-003d603400  size: 000e00 vdev: 16777216 words: 1
	    [   579]    F  range: 003d60a000-003d60b800  size: 001800 vdev: 16777216 words: 1
	    [   580]    F  range: 003d60c400-003d60ea00  size: 002600 vdev: 16777216 words: 1
	    [   581]    F  range: 003d60f800-003d610600  size: 000e00 vdev: 16777216 words: 1
	    [   582]    F  range: 003d612e00-003d61f800  size: 00ca00 vdev: 16777216 words: 1
	    [   583]    F  range: 003d622c00-003d624a00  size: 001e00 vdev: 16777216 words: 1
	    [   584]    F  range: 003d624c00-003d627000  size: 002400 vdev: 16777216 words: 1
	    [   585]    F  range: 003de58800-003de58a00  size: 000200 vdev: 16777216 words: 1
	    [   586] ALLOC: txg 171, pass 2
	    [   587]    A  range: 003de5ae00-003de5c400  size: 001600 vdev: 16777216 words: 1
	    [   588] FREE: txg 171, pass 2
	    [   589]    F  range: 003cfa9e00-003cfab400  size: 001600 vdev: 16777216 words: 1
	    [   590] ALLOC: txg 171, pass 3
	    [   591]    A  range: 003de5c400-003de5cc00  size: 000800 vdev: 16777216 words: 1
	    [   592] ALLOC: txg 172, pass 1
	    [   593]    A  range: 0000001400-0000003000  size: 001c00 vdev: 16777216 words: 1
	    [   594]    A  range: 0000003200-0000003600  size: 000400 vdev: 16777216 words: 1
	    [   595]    A  range: 0000003800-0000003c00  size: 000400 vdev: 16777216 words: 1
	    [   596]    A  range: 0000007200-0000007a00  size: 000800 vdev: 16777216 words: 1
	    [   597]    A  range: 0000009200-0000009400  size: 000200 vdev: 16777216 words: 1
	    [   598]    A  range: 000000b600-000000be00  size: 000800 vdev: 16777216 words: 1
	    [   599]    A  range: 0000012e00-0000014c00  size: 001e00 vdev: 16777216 words: 1
	    [   600]    A  range: 0000019a00-0000019c00  size: 000200 vdev: 16777216 words: 1
	    [   601]    A  range: 000001ac00-000001ce00  size: 002200 vdev: 16777216 words: 1
	    [   602]    A  range: 0000023c00-0000024200  size: 000600 vdev: 16777216 words: 1
	    [   603]    A  range: 0000027000-000002ce00  size: 005e00 vdev: 16777216 words: 1
	    [   604]    A  range: 000002d200-0000034200  size: 007000 vdev: 16777216 words: 1
	    [   605]    A  range: 0000037000-000003dc00  size: 006c00 vdev: 16777216 words: 1
	    [   606]    A  range: 000003ec00-0000042e00  size: 004200 vdev: 16777216 words: 1
	    [   607]    A  range: 0000044200-0000047a00  size: 003800 vdev: 16777216 words: 1
	    [   608]    A  range: 0000050e00-0000051800  size: 000a00 vdev: 16777216 words: 1
	    [   609]    A  range: 0000054600-0000059800  size: 005200 vdev: 16777216 words: 1
	    [   610]    A  range: 000005a800-0000061600  size: 006e00 vdev: 16777216 words: 1
	    [   611]    A  range: 0000064400-0000066c00  size: 002800 vdev: 16777216 words: 1
	    [   612]    A  range: 0000067c00-000006b200  size: 003600 vdev: 16777216 words: 1
	    [   613]    A  range: 000006e000-0000075a00  size: 007a00 vdev: 16777216 words: 1
	    [   614]    A  range: 0000076a00-000007e000  size: 007600 vdev: 16777216 words: 1
	    [   615]    A  range: 000007f800-0000086800  size: 007000 vdev: 16777216 words: 1
	    [   616]    A  range: 0000088000-0000088400  size: 000400 vdev: 16777216 words: 1
	    [   617]    A  range: 0000088600-000008ec00  size: 006600 vdev: 16777216 words: 1
	    [   618]    A  range: 0000091a00-0000095400  size: 003a00 vdev: 16777216 words: 1
	    [   619]    A  range: 000009e400-00000a2a00  size: 004600 vdev: 16777216 words: 1
	    [   620]    A  range: 00000a2e00-00000a5c00  size: 002e00 vdev: 16777216 words: 1
	    [   621]    A  range: 00000a8a00-00000b0800  size: 007e00 vdev: 16777216 words: 1
	    [   622]    A  range: 00000b3600-00000ba400  size: 006e00 vdev: 16777216 words: 1
	    [   623]    A  range: 00000bd200-00000cb800  size: 00e600 vdev: 16777216 words: 1
	    [   624]    A  range: 00000cd000-00000cd200  size: 000200 vdev: 16777216 words: 1
	    [   625]    A  range: 00000cd400-00000cf400  size: 002000 vdev: 16777216 words: 1
	    [   626]    A  range: 00000d2200-00000d3a00  size: 001800 vdev: 16777216 words: 1
	    [   627]    A  range: 00000d4000-00000d5200  size: 001200 vdev: 16777216 words: 1
	    [   628]    A  range: 0000967800-0000968400  size: 000c00 vdev: 16777216 words: 1
	    [   629]    A  range: 0000985400-0000986c00  size: 001800 vdev: 16777216 words: 1
	    [   630]    A  range: 0000987000-0000987800  size: 000800 vdev: 16777216 words: 1
	    [   631]    A  range: 0000987e00-0000988200  size: 000400 vdev: 16777216 words: 1
	    [   632]    A  range: 0000988600-0000988a00  size: 000400 vdev: 16777216 words: 1
	    [   633]    A  range: 0000988e00-0000989e00  size: 001000 vdev: 16777216 words: 1
	    [   634]    A  range: 000098a000-000098d800  size: 003800 vdev: 16777216 words: 1
	    [   635]    A  range: 000098ea00-000098f600  size: 000c00 vdev: 16777216 words: 1
	    [   636]    A  range: 0000a5f800-0000a5fc00  size: 000400 vdev: 16777216 words: 1
	    [   637]    A  range: 0001244c00-0001245000  size: 000400 vdev: 16777216 words: 1
	    [   638]    A  range: 0001249e00-000124c600  size: 002800 vdev: 16777216 words: 1
	    [   639]    A  range: 000124d600-0001253000  size: 005a00 vdev: 16777216 words: 1
	    [   640]    A  range: 0001929e00-000192b200  size: 001400 vdev: 16777216 words: 1
	    [   641]    A  range: 000192d800-0001934400  size: 006c00 vdev: 16777216 words: 1
	    [   642]    A  range: 0001af2e00-0001af3a00  size: 000c00 vdev: 16777216 words: 1
	    [   643]    A  range: 000206b600-000206c600  size: 001000 vdev: 16777216 words: 1
	    [   644]    A  range: 000206d400-000206e200  size: 000e00 vdev: 16777216 words: 1
	    [   645]    A  range: 000206fe00-0002076600  size: 006800 vdev: 16777216 words: 1
	    [   646]    A  range: 000224d200-000224e200  size: 001000 vdev: 16777216 words: 1
	    [   647]    A  range: 000225b400-000225c000  size: 000c00 vdev: 16777216 words: 1
	    [   648]    A  range: 00028ebc00-00028ed000  size: 001400 vdev: 16777216 words: 1
	    [   649]    A  range: 00028f3c00-00028faa00  size: 006e00 vdev: 16777216 words: 1
	    [   650]    A  range: 00029b9400-00029ba000  size: 000c00 vdev: 16777216 words: 1
	    [   651]    A  range: 0002a9d000-0002a9e400  size: 001400 vdev: 16777216 words: 1
	    [   652]    A  range: 000316cc00-000316da00  size: 000e00 vdev: 16777216 words: 1
	    [   653]    A  range: 000316f600-0003170400  size: 000e00 vdev: 16777216 words: 1
	    [   654]    A  range: 0003171200-0003172200  size: 001000 vdev: 16777216 words: 1
	    [   655]    A  range: 0003173000-0003174c00  size: 001c00 vdev: 16777216 words: 1
	    [   656]    A  range: 0003175a00-000317c600  size: 006c00 vdev: 16777216 words: 1
	    [   657]    A  range: 00039b6a00-00039b7800  size: 000e00 vdev: 16777216 words: 1
	    [   658]    A  range: 00039bb200-00039e4000  size: 028e00 vdev: 16777216 words: 1
	    [   659]    A  range: 0003b35800-0003b35c00  size: 000400 vdev: 16777216 words: 1
	    [   660]    A  range: 00041fc400-00041fd200  size: 000e00 vdev: 16777216 words: 1
	    [   661]    A  range: 00041fe000-00041fee00  size: 000e00 vdev: 16777216 words: 1
	    [   662]    A  range: 00041ffc00-0004206400  size: 006800 vdev: 16777216 words: 1
	    [   663]    A  range: 0004a77e00-0004a78c00  size: 000e00 vdev: 16777216 words: 1
	    [   664]    A  range: 0004a79a00-0004a7a600  size: 000c00 vdev: 16777216 words: 1
	    [   665]    A  range: 0004a7c200-0004a82200  size: 006000 vdev: 16777216 words: 1
	    [   666]    A  range: 0004b3fa00-0004b40000  size: 000600 vdev: 16777216 words: 1
	    [   667]    A  range: 0004fc7c00-0004fc8a00  size: 000e00 vdev: 16777216 words: 1
	    [   668]    A  range: 00051df600-00051e0400  size: 000e00 vdev: 16777216 words: 1
	    [   669]    A  range: 00051e3c00-00051ea200  size: 006600 vdev: 16777216 words: 1
	    [   670]    A  range: 0005632400-0005632a00  size: 000600 vdev: 16777216 words: 1
	    [   671]    A  range: 0005854400-0005855600  size: 001200 vdev: 16777216 words: 1
	    [   672]    A  range: 00058ffc00-0005900a00  size: 000e00 vdev: 16777216 words: 1
	    [   673]    A  range: 0005908c00-0005909a00  size: 000e00 vdev: 16777216 words: 1
	    [   674]    A  range: 000590a600-0005910000  size: 005a00 vdev: 16777216 words: 1
	    [   675]    A  range: 0005cf9200-0005cf9e00  size: 000c00 vdev: 16777216 words: 1
	    [   676]    A  range: 0005e36c00-0005e37200  size: 000600 vdev: 16777216 words: 1
	    [   677]    A  range: 0005fe5e00-0005fe6c00  size: 000e00 vdev: 16777216 words: 1
	    [   678]    A  range: 0005fe9600-0005fefe00  size: 006800 vdev: 16777216 words: 1
	    [   679]    A  range: 00069f9c00-0006a01200  size: 007600 vdev: 16777216 words: 1
	    [   680]    A  range: 0007793600-0007794600  size: 001000 vdev: 16777216 words: 1
	    [   681]    A  range: 00077c0000-00077c7800  size: 007800 vdev: 16777216 words: 1
	    [   682]    A  range: 0007eda200-0007edb000  size: 000e00 vdev: 16777216 words: 1
	    [   683]    A  range: 0007edbe00-0007edcc00  size: 000e00 vdev: 16777216 words: 1
	    [   684]    A  range: 0007edf200-0007ee6600  size: 007400 vdev: 16777216 words: 1
	    [   685]    A  range: 000870fc00-0008710a00  size: 000e00 vdev: 16777216 words: 1
	    [   686]    A  range: 0008712400-0008712a00  size: 000600 vdev: 16777216 words: 1
	    [   687]    A  range: 0008716200-0008716a00  size: 000800 vdev: 16777216 words: 1
	    [   688]    A  range: 0008718400-000871ee00  size: 006a00 vdev: 16777216 words: 1
	    [   689]    A  range: 0008d1da00-0008d26200  size: 008800 vdev: 16777216 words: 1
	    [   690]    A  range: 00093f2a00-00093f3800  size: 000e00 vdev: 16777216 words: 1
	    [   691]    A  range: 00093f4400-00093fc200  size: 007e00 vdev: 16777216 words: 1
	    [   692]    A  range: 0009a31c00-0009a33000  size: 001400 vdev: 16777216 words: 1
	    [   693]    A  range: 0009a98800-0009b30c00  size: 098400 vdev: 16777216 words: 1
	    [   694]    A  range: 000a21bc00-000a21c400  size: 000800 vdev: 16777216 words: 1
	    [   695]    A  range: 000a36b600-000a36c400  size: 000e00 vdev: 16777216 words: 1
	    [   696]    A  range: 000a36d200-000a405000  size: 097e00 vdev: 16777216 words: 1
	    [   697]    A  range: 000a8af200-000a8b0000  size: 000e00 vdev: 16777216 words: 1
	    [   698]    A  range: 000abac200-000abb4400  size: 008200 vdev: 16777216 words: 1
	    [   699]    A  range: 000afd9a00-000afda600  size: 000c00 vdev: 16777216 words: 1
	    [   700]    A  range: 000b488a00-000b489800  size: 000e00 vdev: 16777216 words: 1
	    [   701]    A  range: 000b48a000-000b491200  size: 007200 vdev: 16777216 words: 1
	    [   702]    A  range: 000b948400-000b949600  size: 001200 vdev: 16777216 words: 1
	    [   703]    A  range: 000b99be00-000b99cc00  size: 000e00 vdev: 16777216 words: 1
	    [   704]    A  range: 000bc31600-000bc39200  size: 007c00 vdev: 16777216 words: 1
	    [   705]    A  range: 000c37c200-000c386e00  size: 00ac00 vdev: 16777216 words: 1
	    [   706]    A  range: 000cb65c00-000cb69800  size: 003c00 vdev: 16777216 words: 1
	    [   707]    A  range: 000d44e800-000d44f600  size: 000e00 vdev: 16777216 words: 1
	    [   708]    A  range: 000d450400-000d451000  size: 000c00 vdev: 16777216 words: 1
	    [   709]    A  range: 000dbe8e00-000dbea000  size: 001200 vdev: 16777216 words: 1
	    [   710]    A  range: 000dc7b800-000dc83400  size: 007c00 vdev: 16777216 words: 1
	    [   711]    A  range: 000e6b8400-000e6c1c00  size: 009800 vdev: 16777216 words: 1
	    [   712]    A  range: 000ed61000-000ed61e00  size: 000e00 vdev: 16777216 words: 1
	    [   713]    A  range: 000ed62c00-000ed6c200  size: 009600 vdev: 16777216 words: 1
	    [   714]    A  range: 000f09dc00-000f09e800  size: 000c00 vdev: 16777216 words: 1
	    [   715]    A  range: 000f38b400-000f38c200  size: 000e00 vdev: 16777216 words: 1
	    [   716]    A  range: 000f38d000-000f396c00  size: 009c00 vdev: 16777216 words: 1
	    [   717]    A  range: 000f7ce200-000f7cf000  size: 000e00 vdev: 16777216 words: 1
	    [   718]    A  range: 000f9c5c00-000f9c6a00  size: 000e00 vdev: 16777216 words: 1
	    [   719]    A  range: 000f9c8c00-000f9d1600  size: 008a00 vdev: 16777216 words: 1
	    [   720]    A  range: 000ffa1400-000ffac200  size: 00ae00 vdev: 16777216 words: 1
	    [   721]    A  range: 00104d1000-00104daa00  size: 009a00 vdev: 16777216 words: 1
	    [   722]    A  range: 0010a06400-0010a06c00  size: 000800 vdev: 16777216 words: 1
	    [   723]    A  range: 0010bdc200-0010be6600  size: 00a400 vdev: 16777216 words: 1
	    [   724]    A  range: 00116cf600-00116da400  size: 00ae00 vdev: 16777216 words: 1
	    [   725]    A  range: 0012112800-001211c600  size: 009e00 vdev: 16777216 words: 1
	    [   726]    A  range: 0012c2d000-0012c38e00  size: 00be00 vdev: 16777216 words: 1
	    [   727]    A  range: 0013651000-001365b200  size: 00a200 vdev: 16777216 words: 1
	    [   728]    A  range: 00141eb000-00141ec400  size: 001400 vdev: 16777216 words: 1
	    [   729]    A  range: 001427ce00-001427e200  size: 001400 vdev: 16777216 words: 1
	    [   730]    A  range: 00148c5a00-00148c6600  size: 000c00 vdev: 16777216 words: 1
	    [   731]    A  range: 0014df3a00-0014df4600  size: 000c00 vdev: 16777216 words: 1
	    [   732]    A  range: 0014e01a00-0014e02000  size: 000600 vdev: 16777216 words: 1
	    [   733]    A  range: 0014e38800-0014e3fc00  size: 007400 vdev: 16777216 words: 1
	    [   734]    A  range: 0014ebfc00-0014ed0000  size: 010400 vdev: 16777216 words: 1
	    [   735]    A  range: 0015d77c00-0015d7fa00  size: 007e00 vdev: 16777216 words: 1
	    [   736]    A  range: 00164b8200-00164c1c00  size: 009a00 vdev: 16777216 words: 1
	    [   737]    A  range: 00169e9000-00169f2800  size: 009800 vdev: 16777216 words: 1
	    [   738]    A  range: 0016f37400-0016f38400  size: 001000 vdev: 16777216 words: 1
	    [   739]    A  range: 0016f42400-0016f43000  size: 000c00 vdev: 16777216 words: 1
	    [   740]    A  range: 0017114e00-001711ca00  size: 007c00 vdev: 16777216 words: 1
	    [   741]    A  range: 00171aa600-00171aac00  size: 000600 vdev: 16777216 words: 1
	    [   742]    A  range: 00177b4200-00177b5200  size: 001000 vdev: 16777216 words: 1
	    [   743]    A  range: 00177b6600-00177bfe00  size: 009800 vdev: 16777216 words: 1
	    [   744]    A  range: 0017f26400-0017f27400  size: 001000 vdev: 16777216 words: 1
	    [   745]    A  range: 0017f2a200-0017f33800  size: 009600 vdev: 16777216 words: 1
	    [   746]    A  range: 0018589400-001858a800  size: 001400 vdev: 16777216 words: 1
	    [   747]    A  range: 0018659800-0018662a00  size: 009200 vdev: 16777216 words: 1
	    [   748]    A  range: 0018c49600-0018c54e00  size: 00b800 vdev: 16777216 words: 1
	    [   749]    A  range: 00192e7600-00192f4000  size: 00ca00 vdev: 16777216 words: 1
	    [   750]    A  range: 001985f800-001986d000  size: 00d800 vdev: 16777216 words: 1
	    [   751]    A  range: 0019fa7000-0019fa7e00  size: 000e00 vdev: 16777216 words: 1
	    [   752]    A  range: 001a3d4c00-001a3ddc00  size: 009000 vdev: 16777216 words: 1
	    [   753]    A  range: 001ab55400-001ab56c00  size: 001800 vdev: 16777216 words: 1
	    [   754]    A  range: 001ab7b000-001ab84a00  size: 009a00 vdev: 16777216 words: 1
	    [   755]    A  range: 001b29c400-001b2a8000  size: 00bc00 vdev: 16777216 words: 1
	    [   756]    A  range: 001ba34c00-001ba42000  size: 00d400 vdev: 16777216 words: 1
	    [   757]    A  range: 001c28fa00-001c29e400  size: 00ea00 vdev: 16777216 words: 1
	    [   758]    A  range: 001ca4e000-001ca4ec00  size: 000c00 vdev: 16777216 words: 1
	    [   759]    A  range: 001cc57a00-001cc58800  size: 000e00 vdev: 16777216 words: 1
	    [   760]    A  range: 001cc63600-001cc6cc00  size: 009600 vdev: 16777216 words: 1
	    [   761]    A  range: 001d1cd000-001d1cde00  size: 000e00 vdev: 16777216 words: 1
	    [   762]    A  range: 001d3cf600-001d3cfe00  size: 000800 vdev: 16777216 words: 1
	    [   763]    A  range: 001d3d0c00-001d3d9400  size: 008800 vdev: 16777216 words: 1
	    [   764]    A  range: 001d58b800-001d58c000  size: 000800 vdev: 16777216 words: 1
	    [   765]    A  range: 001db54a00-001db5ea00  size: 00a000 vdev: 16777216 words: 1
	    [   766]    A  range: 001e2e6000-001e2f0c00  size: 00ac00 vdev: 16777216 words: 1
	    [   767]    A  range: 001e56d800-001e56e600  size: 000e00 vdev: 16777216 words: 1
	    [   768]    A  range: 001e935400-001e93f400  size: 00a000 vdev: 16777216 words: 1
	    [   769]    A  range: 001ee1e400-001ee2a600  size: 00c200 vdev: 16777216 words: 1
	    [   770]    A  range: 001f314c00-001f315200  size: 000600 vdev: 16777216 words: 1
	    [   771]    A  range: 001f38f000-001f399400  size: 00a400 vdev: 16777216 words: 1
	    [   772]    A  range: 001f714a00-001f715c00  size: 001200 vdev: 16777216 words: 1
	    [   773]    A  range: 001f8ee200-001f8f8a00  size: 00a800 vdev: 16777216 words: 1
	    [   774]    A  range: 001ff9cc00-001ffa7600  size: 00aa00 vdev: 16777216 words: 1
	    [   775]    A  range: 0020577800-0020578600  size: 000e00 vdev: 16777216 words: 1
	    [   776]    A  range: 00205af600-00205b0400  size: 000e00 vdev: 16777216 words: 1
	    [   777]    A  range: 0020671400-0020672400  size: 001000 vdev: 16777216 words: 1
	    [   778]    A  range: 0020676600-002067f200  size: 008c00 vdev: 16777216 words: 1
	    [   779]    A  range: 0020e67800-0020e73000  size: 00b800 vdev: 16777216 words: 1
	    [   780]    A  range: 002169d600-002169e800  size: 001200 vdev: 16777216 words: 1
	    [   781]    A  range: 00217e9400-00217e9a00  size: 000600 vdev: 16777216 words: 1
	    [   782]    A  range: 00217ea800-00217f4600  size: 009e00 vdev: 16777216 words: 1
	    [   783]    A  range: 00221cd000-00221d9800  size: 00c800 vdev: 16777216 words: 1
	    [   784]    A  range: 0022d8d200-0022d9ac00  size: 00da00 vdev: 16777216 words: 1
	    [   785]    A  range: 0023907800-0023915e00  size: 00e600 vdev: 16777216 words: 1
	    [   786]    A  range: 002434b600-002435be00  size: 010800 vdev: 16777216 words: 1
	    [   787]    A  range: 0024b9ae00-0024bacc00  size: 011e00 vdev: 16777216 words: 1
	    [   788]    A  range: 0025336a00-0025337e00  size: 001400 vdev: 16777216 words: 1
	    [   789]    A  range: 002551c200-0025525400  size: 009200 vdev: 16777216 words: 1
	    [   790]    A  range: 0025f26800-0025f32600  size: 00be00 vdev: 16777216 words: 1
	    [   791]    A  range: 0026b47a00-0026b54400  size: 00ca00 vdev: 16777216 words: 1
	    [   792]    A  range: 0027747400-0027755a00  size: 00e600 vdev: 16777216 words: 1
	    [   793]    A  range: 00281f8e00-0028208a00  size: 00fc00 vdev: 16777216 words: 1
	    [   794]    A  range: 0028a6d400-0028a7e800  size: 011400 vdev: 16777216 words: 1
	    [   795]    A  range: 0029343a00-002934ca00  size: 009000 vdev: 16777216 words: 1
	    [   796]    A  range: 0029ca2000-0029cad400  size: 00b400 vdev: 16777216 words: 1
	    [   797]    A  range: 002a8cfe00-002a8d0a00  size: 000c00 vdev: 16777216 words: 1
	    [   798]    A  range: 002b492800-002b49ca00  size: 00a200 vdev: 16777216 words: 1
	    [   799]    A  range: 002bef7e00-002befb800  size: 003a00 vdev: 16777216 words: 1
	    [   800]    A  range: 002c7dd000-002c7dea00  size: 001a00 vdev: 16777216 words: 1
	    [   801]    A  range: 002cf16800-002cf17c00  size: 001400 vdev: 16777216 words: 1
	    [   802]    A  range: 002d0b6000-002d0b7400  size: 001400 vdev: 16777216 words: 1
	    [   803]    A  range: 002e6dd600-002e6df000  size: 001a00 vdev: 16777216 words: 1
	    [   804]    A  range: 002f266400-002f26a000  size: 003c00 vdev: 16777216 words: 1
	    [   805]    A  range: 002f272400-002f275600  size: 003200 vdev: 16777216 words: 1
	    [   806]    A  range: 002fcb1000-002fcc1a00  size: 010a00 vdev: 16777216 words: 1
	    [   807]    A  range: 00305a7a00-00305b9a00  size: 012000 vdev: 16777216 words: 1
	    [   808]    A  range: 0030706000-0030706600  size: 000600 vdev: 16777216 words: 1
	    [   809]    A  range: 0030cc6000-0030cc6c00  size: 000c00 vdev: 16777216 words: 1
	    [   810]    A  range: 0030cd7000-0030cd8000  size: 001000 vdev: 16777216 words: 1
	    [   811]    A  range: 0030cd9600-0030cda200  size: 000c00 vdev: 16777216 words: 1
	    [   812]    A  range: 0030d1b200-0030d24400  size: 009200 vdev: 16777216 words: 1
	    [   813]    A  range: 0030f89c00-0030f8aa00  size: 000e00 vdev: 16777216 words: 1
	    [   814]    A  range: 003154a800-003154b400  size: 000c00 vdev: 16777216 words: 1
	    [   815]    A  range: 00315d7e00-00315d8400  size: 000600 vdev: 16777216 words: 1
	    [   816]    A  range: 00315d9200-00315de000  size: 004e00 vdev: 16777216 words: 1
	    [   817]    A  range: 0031931400-0031932400  size: 001000 vdev: 16777216 words: 1
	    [   818]    A  range: 0031e48400-0031e49000  size: 000c00 vdev: 16777216 words: 1
	    [   819]    A  range: 0031e53e00-0031e54600  size: 000800 vdev: 16777216 words: 1
	    [   820]    A  range: 0031e5fe00-0031e69600  size: 009800 vdev: 16777216 words: 1
	    [   821]    A  range: 0032081200-0032082600  size: 001400 vdev: 16777216 words: 1
	    [   822]    A  range: 00326d0e00-00326d1a00  size: 000c00 vdev: 16777216 words: 1
	    [   823]    A  range: 00326e8200-00326f1e00  size: 009c00 vdev: 16777216 words: 1
	    [   824]    A  range: 00328cb600-00328cd000  size: 001a00 vdev: 16777216 words: 1
	    [   825]    A  range: 0032f9da00-0032f9e600  size: 000c00 vdev: 16777216 words: 1
	    [   826]    A  range: 0032facc00-0032fada00  size: 000e00 vdev: 16777216 words: 1
	    [   827]    A  range: 0032fae800-0032faf000  size: 000800 vdev: 16777216 words: 1
	    [   828]    A  range: 0032fb5200-0032fbf400  size: 00a200 vdev: 16777216 words: 1
	    [   829]    A  range: 00337a8a00-00337a9000  size: 000600 vdev: 16777216 words: 1
	    [   830]    A  range: 0033815a00-0033816600  size: 000c00 vdev: 16777216 words: 1
	    [   831]    A  range: 0033817400-0033818200  size: 000e00 vdev: 16777216 words: 1
	    [   832]    A  range: 003382a800-003382ae00  size: 000600 vdev: 16777216 words: 1
	    [   833]    A  range: 00338c6600-00338d1000  size: 00aa00 vdev: 16777216 words: 1
	    [   834]    A  range: 0033b60e00-0033b61a00  size: 000c00 vdev: 16777216 words: 1
	    [   835]    A  range: 0034053200-0034054200  size: 001000 vdev: 16777216 words: 1
	    [   836]    A  range: 0034113600-003411f400  size: 00be00 vdev: 16777216 words: 1
	    [   837]    A  range: 003412e000-003412e600  size: 000600 vdev: 16777216 words: 1
	    [   838]    A  range: 00346b7e00-00346c3000  size: 00b200 vdev: 16777216 words: 1
	    [   839]    A  range: 0034fb7200-0034fb7e00  size: 000c00 vdev: 16777216 words: 1
	    [   840]    A  range: 0034fda200-0034fdbe00  size: 001c00 vdev: 16777216 words: 1
	    [   841]    A  range: 0034fdf600-0034fea600  size: 00b000 vdev: 16777216 words: 1
	    [   842]    A  range: 00355b8e00-00355b9400  size: 000600 vdev: 16777216 words: 1
	    [   843]    A  range: 003576aa00-0035776a00  size: 00c000 vdev: 16777216 words: 1
	    [   844]    A  range: 0035a2c600-0035a2da00  size: 001400 vdev: 16777216 words: 1
	    [   845]    A  range: 0035bed400-0035bfa600  size: 00d200 vdev: 16777216 words: 1
	    [   846]    A  range: 003613e000-003614c600  size: 00e600 vdev: 16777216 words: 1
	    [   847]    A  range: 0036498600-0036499a00  size: 001400 vdev: 16777216 words: 1
	    [   848]    A  range: 003652c800-0036539c00  size: 00d400 vdev: 16777216 words: 1
	    [   849]    A  range: 0036bec400-0036bede00  size: 001a00 vdev: 16777216 words: 1
	    [   850]    A  range: 0036bf1600-0036bfe000  size: 00ca00 vdev: 16777216 words: 1
	    [   851]    A  range: 00373f0800-00373f4000  size: 003800 vdev: 16777216 words: 1
	    [   852]    A  range: 00374df600-00374dfc00  size: 000600 vdev: 16777216 words: 1
	    [   853]    A  range: 0037c9a200-0037cfa200  size: 060000 vdev: 16777216 words: 1
	    [   854]    A  range: 0037d2a200-0037d2fe00  size: 005c00 vdev: 16777216 words: 1
	    [   855]    A  range: 00385fb600-0038600600  size: 005000 vdev: 16777216 words: 1
	    [   856]    A  range: 003879ce00-003879d400  size: 000600 vdev: 16777216 words: 1
	    [   857]    A  range: 0038eb6e00-0038eb7a00  size: 000c00 vdev: 16777216 words: 1
	    [   858]    A  range: 0038eb9200-0038eb9800  size: 000600 vdev: 16777216 words: 1
	    [   859]    A  range: 0038ec1e00-0038ec6800  size: 004a00 vdev: 16777216 words: 1
	    [   860]    A  range: 00396a7400-00396a7c00  size: 000800 vdev: 16777216 words: 1
	    [   861]    A  range: 00396c3e00-00396ca600  size: 006800 vdev: 16777216 words: 1
	    [   862]    A  range: 0039be4a00-0039be7000  size: 002600 vdev: 16777216 words: 1
	    [   863]    A  range: 0039e70c00-0039e7ee00  size: 00e200 vdev: 16777216 words: 1
	    [   864]    A  range: 003a5df800-003a5e1400  size: 001c00 vdev: 16777216 words: 1
	    [   865]    A  range: 003ac78600-003ac79a00  size: 001400 vdev: 16777216 words: 1
	    [   866]    A  range: 003ac7c200-003ac8d200  size: 011000 vdev: 16777216 words: 1
	    [   867]    A  range: 003b337000-003b348a00  size: 011a00 vdev: 16777216 words: 1
	    [   868]    A  range: 003b9e1c00-003b9e2c00  size: 001000 vdev: 16777216 words: 1
	    [   869]    A  range: 003b9e8c00-003b9faa00  size: 011e00 vdev: 16777216 words: 1
	    [   870]    A  range: 003b9fb600-003b9fbc00  size: 000600 vdev: 16777216 words: 1
	    [   871]    A  range: 003c08b600-003c08c600  size: 001000 vdev: 16777216 words: 1
	    [   872]    A  range: 003c099c00-003c0ab000  size: 011400 vdev: 16777216 words: 1
	    [   873]    A  range: 003c8c3200-003c8c3e00  size: 000c00 vdev: 16777216 words: 1
	    [   874]    A  range: 003c8c8a00-003c8d7a00  size: 00f000 vdev: 16777216 words: 1
	    [   875]    A  range: 003de5cc00-003de9e800  size: 041c00 vdev: 16777216 words: 1
	    [   876] FREE: txg 172, pass 1
	    [   877]    F  range: 0000051600-0000051800  size: 000200 vdev: 16777216 words: 1
	    [   878]    F  range: 003dcc6c00-003dcc8600  size: 001a00 vdev: 16777216 words: 1
	    [   879]    F  range: 003de37800-003de38600  size: 000e00 vdev: 16777216 words: 1
	    [   880]    F  range: 003de4ba00-003de4be00  size: 000400 vdev: 16777216 words: 1
	    [   881]    F  range: 003de55a00-003de58800  size: 002e00 vdev: 16777216 words: 1
	    [   882]    F  range: 003de58a00-003de5ae00  size: 002400 vdev: 16777216 words: 1
	    [   883] ALLOC: txg 172, pass 2
	    [   884]    A  range: 0001253000-0001253a00  size: 000a00 vdev: 16777216 words: 1
	    [   885]    A  range: 0004823600-0004823a00  size: 000400 vdev: 16777216 words: 1
	    [   886]    A  range: 00057da600-00057daa00  size: 000400 vdev: 16777216 words: 1
	    [   887]    A  range: 00079fee00-00079ff200  size: 000400 vdev: 16777216 words: 1
	    [   888]    A  range: 0007b83200-0007b83600  size: 000400 vdev: 16777216 words: 1
	    [   889]    A  range: 003c081e00-003c082400  size: 000600 vdev: 16777216 words: 1
	    [   890] FREE: txg 172, pass 2
	    [   891]    F  range: 003d627000-003d628600  size: 001600 vdev: 16777216 words: 1
	    [   892]    F  range: 003de5ae00-003de5b200  size: 000400 vdev: 16777216 words: 1
	    [   893] ALLOC: txg 172, pass 3
	    [   894]    A  range: 00000d6000-00000d6200  size: 000200 vdev: 16777216 words: 1
	    [   895] ALLOC: txg 173, pass 1
	    [   896]    A  range: 00005f2200-00005f2400  size: 000200 vdev: 16777216 words: 1
	    [   897]    A  range: 0000987800-0000987a00  size: 000200 vdev: 16777216 words: 1
	    [   898]    A  range: 0000ca4e00-0000ca5000  size: 000200 vdev: 16777216 words: 1
	    [   899]    A  range: 000124c600-000124c800  size: 000200 vdev: 16777216 words: 1
	    [   900]    A  range: 00013eda00-00013ee400  size: 000a00 vdev: 16777216 words: 1
	    [   901]    A  range: 000192b200-000192bc00  size: 000a00 vdev: 16777216 words: 1
	    [   902]    A  range: 00028a2800-00028a2a00  size: 000200 vdev: 16777216 words: 1
	    [   903]    A  range: 00028ed000-00028eda00  size: 000a00 vdev: 16777216 words: 1
	    [   904]    A  range: 00039e4000-0003a54400  size: 070400 vdev: 16777216 words: 1
	    [   905]    A  range: 0005910000-0005910a00  size: 000a00 vdev: 16777216 words: 1
	    [   906]    A  range: 00066d7400-00066d7c00  size: 000800 vdev: 16777216 words: 1
	    [   907]    A  range: 0008d26200-0008d26600  size: 000400 vdev: 16777216 words: 1
	    [   908]    A  range: 0009a33000-0009a33400  size: 000400 vdev: 16777216 words: 1
	    [   909]    A  range: 000abb4400-000abb4800  size: 000400 vdev: 16777216 words: 1
	    [   910]    A  range: 000b1ba000-000b1ba400  size: 000400 vdev: 16777216 words: 1
	    [   911]    A  range: 000cbf7000-000cbf7400  size: 000400 vdev: 16777216 words: 1
	    [   912]    A  range: 000d76cc00-000d76d000  size: 000400 vdev: 16777216 words: 1
	    [   913]    A  range: 000f396c00-000f397000  size: 000400 vdev: 16777216 words: 1
	    [   914]    A  range: 000f3eb200-000f3eb600  size: 000400 vdev: 16777216 words: 1
	    [   915]    A  range: 000f9c7600-000f9c7a00  size: 000400 vdev: 16777216 words: 1
	    [   916]    A  range: 00104d0a00-00104d0e00  size: 000400 vdev: 16777216 words: 1
	    [   917]    A  range: 0014efb400-0014efb800  size: 000400 vdev: 16777216 words: 1
	    [   918]    A  range: 0017846800-0017846c00  size: 000400 vdev: 16777216 words: 1
	    [   919]    A  range: 0018662a00-0018662e00  size: 000400 vdev: 16777216 words: 1
	    [   920]    A  range: 001a44c400-001a44c800  size: 000400 vdev: 16777216 words: 1
	    [   921]    A  range: 001d3ccc00-001d3cd000  size: 000400 vdev: 16777216 words: 1
	    [   922]    A  range: 001d3d9400-001d3d9800  size: 000400 vdev: 16777216 words: 1
	    [   923]    A  range: 001d60d800-001d60dc00  size: 000400 vdev: 16777216 words: 1
	    [   924]    A  range: 001e642600-001e642a00  size: 000400 vdev: 16777216 words: 1
	    [   925]    A  range: 001f3ac600-001f3aca00  size: 000400 vdev: 16777216 words: 1
	    [   926]    A  range: 0020443600-0020443a00  size: 000400 vdev: 16777216 words: 1
	    [   927]    A  range: 0020c66800-0020c66c00  size: 000400 vdev: 16777216 words: 1
	    [   928]    A  range: 0026b54400-0026b54800  size: 000400 vdev: 16777216 words: 1
	    [   929]    A  range: 002b49ca00-002b49ce00  size: 000400 vdev: 16777216 words: 1
	    [   930]    A  range: 002d0b7400-002d0b7800  size: 000400 vdev: 16777216 words: 1
	    [   931]    A  range: 002f26a000-002f26a400  size: 000400 vdev: 16777216 words: 1
	    [   932]    A  range: 003444c800-003444d600  size: 000e00 vdev: 16777216 words: 1
	    [   933]    A  range: 00346b5800-00346b6600  size: 000e00 vdev: 16777216 words: 1
	    [   934]    A  range: 0034fea600-0034feb400  size: 000e00 vdev: 16777216 words: 1
	    [   935]    A  range: 0035765400-0035766200  size: 000e00 vdev: 16777216 words: 1
	    [   936]    A  range: 0035768a00-0035769800  size: 000e00 vdev: 16777216 words: 1
	    [   937]    A  range: 00373de400-00373df200  size: 000e00 vdev: 16777216 words: 1
	    [   938]    A  range: 00373f4000-00373f4e00  size: 000e00 vdev: 16777216 words: 1
	    [   939]    A  range: 00385f0200-00385f1000  size: 000e00 vdev: 16777216 words: 1
	    [   940]    A  range: 00385f2200-00385f3000  size: 000e00 vdev: 16777216 words: 1
	    [   941]    A  range: 0038ec6800-0038ec7600  size: 000e00 vdev: 16777216 words: 1
	    [   942]    A  range: 0039e5dc00-0039e5ea00  size: 000e00 vdev: 16777216 words: 1
	    [   943]    A  range: 0039e7ee00-0039e7fc00  size: 000e00 vdev: 16777216 words: 1
	    [   944]    A  range: 003a5be200-003a5bf000  size: 000e00 vdev: 16777216 words: 1
	    [   945]    A  range: 003a8b2e00-003a8b3c00  size: 000e00 vdev: 16777216 words: 1
	    [   946]    A  range: 003ac44e00-003ac45c00  size: 000e00 vdev: 16777216 words: 1
	    [   947]    A  range: 003af59800-003af5a600  size: 000e00 vdev: 16777216 words: 1
	    [   948]    A  range: 003b332a00-003b333800  size: 000e00 vdev: 16777216 words: 1
	    [   949]    A  range: 003b348a00-003b349800  size: 000e00 vdev: 16777216 words: 1
	    [   950]    A  range: 003c8bc800-003c8bd600  size: 000e00 vdev: 16777216 words: 1
	    [   951]    A  range: 003c8c1600-003c8c2400  size: 000e00 vdev: 16777216 words: 1
	    [   952]    A  range: 003c8c6000-003c8c6e00  size: 000e00 vdev: 16777216 words: 1
	    [   953]    A  range: 003c8d7a00-003c8d8600  size: 000c00 vdev: 16777216 words: 1
	    [   954]    A  range: 003c8d9400-003c8da200  size: 000e00 vdev: 16777216 words: 1
	    [   955]    A  range: 003cd2c200-003cd2c800  size: 000600 vdev: 16777216 words: 1
	    [   956]    A  range: 003cf8ba00-003cf8c800  size: 000e00 vdev: 16777216 words: 1
	    [   957]    A  range: 003cf96000-003cf96e00  size: 000e00 vdev: 16777216 words: 1
	    [   958]    A  range: 003cf99800-003cfa9c00  size: 010400 vdev: 16777216 words: 1
	    [   959]    A  range: 003de9e800-003e5fd000  size: 75e800 vdev: 16777216 words: 1
	    [   960] FREE: txg 173, pass 1
	    [   961]    F  range: 0000059600-0000059800  size: 000200 vdev: 16777216 words: 1
	    [   962]    F  range: 0000060c00-0000061600  size: 000a00 vdev: 16777216 words: 1
	    [   963]    F  range: 00000afe00-00000b0800  size: 000a00 vdev: 16777216 words: 1
	    [   964]    F  range: 00000cd000-00000cd200  size: 000200 vdev: 16777216 words: 1
	    [   965]    F  range: 0000987000-0000987800  size: 000800 vdev: 16777216 words: 1
	    [   966]    F  range: 0000988600-0000988a00  size: 000400 vdev: 16777216 words: 1
	    [   967]    F  range: 0000a5f800-0000a5fc00  size: 000400 vdev: 16777216 words: 1
	    [   968]    F  range: 0000ca4e00-0000ca5000  size: 000200 vdev: 16777216 words: 1
	    [   969]    F  range: 0001244c00-0001245000  size: 000400 vdev: 16777216 words: 1
	    [   970]    F  range: 0001934000-0001934400  size: 000400 vdev: 16777216 words: 1
	    [   971]    F  range: 000225b400-000225c000  size: 000c00 vdev: 16777216 words: 1
	    [   972]    F  range: 00039e1a00-00039e4000  size: 002600 vdev: 16777216 words: 1
	    [   973]    F  range: 0003b35800-0003b35c00  size: 000400 vdev: 16777216 words: 1
	    [   974]    F  range: 0009b18c00-0009b1bc00  size: 003000 vdev: 16777216 words: 1
	    [   975]    F  range: 000f38d000-000f390000  size: 003000 vdev: 16777216 words: 1
	    [   976]    F  range: 00205af600-00205b0400  size: 000e00 vdev: 16777216 words: 1
